SF:lib/features/create_event/data/models/location_model.dart
DA:12,1
DA:21,1
DA:22,1
DA:23,1
DA:24,1
DA:25,1
DA:26,2
DA:27,2
DA:32,0
DA:33,0
DA:34,0
DA:35,0
DA:36,0
DA:37,0
DA:38,0
DA:44,1
DA:45,1
DA:46,1
DA:47,2
DA:48,1
DA:49,1
DA:50,1
DA:55,0
DA:56,0
DA:57,0
DA:58,0
DA:59,0
DA:60,0
DA:61,0
LF:29
LH:15
end_of_record
SF:lib/features/create_event/domain/entities/event.dart
DA:14,8
DA:29,4
DA:40,4
DA:41,3
DA:42,2
DA:43,2
DA:45,5
DA:46,5
DA:47,5
DA:48,3
DA:49,4
DA:50,5
DA:59,3
DA:70,2
LF:14
LH:14
end_of_record
SF:lib/features/create_event/data/models/event_history_model.dart
DA:19,1
DA:34,1
DA:36,1
DA:38,1
DA:39,1
DA:40,1
DA:41,1
DA:42,2
DA:43,1
DA:44,1
DA:45,1
DA:46,1
DA:47,1
DA:48,2
DA:53,1
DA:54,1
DA:55,1
DA:56,1
DA:57,1
DA:58,1
DA:59,1
DA:60,1
DA:61,1
DA:62,1
DA:63,1
DA:64,1
DA:69,0
DA:70,0
DA:71,0
DA:72,0
DA:73,0
DA:74,0
DA:75,0
DA:76,0
DA:77,0
DA:78,0
DA:79,0
DA:80,0
DA:85,0
DA:86,0
DA:87,0
DA:88,0
DA:89,0
DA:90,0
DA:91,0
DA:92,0
DA:93,0
DA:94,0
DA:95,0
DA:96,0
DA:97,0
DA:98,0
LF:52
LH:26
end_of_record
SF:lib/features/event/domain/entities/event_detail.dart
DA:17,9
DA:32,2
DA:47,2
DA:48,2
DA:49,2
DA:50,2
DA:51,2
DA:52,1
DA:53,2
DA:54,2
DA:55,2
DA:56,2
DA:57,2
DA:58,2
DA:60,2
DA:73,6
DA:77,2
DA:81,2
DA:85,1
DA:86,2
DA:87,2
DA:88,1
DA:89,3
DA:94,1
DA:95,1
DA:96,2
DA:111,1
LF:27
LH:27
end_of_record
SF:lib/features/event/domain/entities/event_participant_entity.dart
DA:10,0
LF:1
LH:0
end_of_record
SF:lib/features/event/domain/usecases/get_event_participants.dart
DA:7,2
DA:9,2
DA:10,4
LF:3
LH:3
end_of_record
SF:lib/core/utils/date_utils.dart
DA:8,15
DA:11,1
DA:12,1
LF:3
LH:3
end_of_record
SF:lib/features/create_event/domain/entities/event_history.dart
DA:15,4
DA:28,1
DA:30,6
LF:3
LH:3
end_of_record
SF:lib/features/event/data/data_sources/event_remote_data_source.dart
DA:20,0
DA:22,0
DA:24,0
DA:35,0
DA:36,0
DA:39,0
DA:41,0
DA:42,0
DA:43,0
DA:44,0
DA:45,0
DA:46,0
DA:49,0
DA:51,0
DA:52,0
DA:53,0
DA:54,0
DA:55,0
DA:58,0
DA:60,0
DA:62,0
DA:66,0
DA:68,0
DA:69,0
DA:70,0
DA:71,0
DA:72,0
DA:73,0
DA:76,0
DA:78,0
DA:81,0
DA:83,0
DA:84,0
DA:85,0
DA:86,0
DA:87,0
DA:88,0
DA:91,0
DA:93,0
DA:104,1
DA:105,1
DA:106,0
DA:110,1
DA:112,2
DA:120,1
DA:123,2
DA:127,1
DA:137,1
DA:139,0
DA:142,0
DA:143,0
DA:144,0
DA:145,0
DA:150,2
DA:156,1
DA:157,0
DA:158,0
DA:159,0
DA:160,0
DA:161,0
DA:166,1
DA:167,1
DA:168,1
DA:169,1
DA:170,1
DA:171,1
DA:172,1
DA:173,1
DA:178,1
DA:179,1
DA:184,1
DA:185,0
DA:186,0
DA:188,0
DA:193,0
DA:195,0
DA:196,0
DA:197,0
DA:198,0
DA:199,0
DA:201,0
DA:202,0
DA:203,0
DA:205,0
DA:210,0
DA:217,0
DA:218,0
DA:219,0
DA:220,0
DA:221,0
DA:223,0
DA:224,0
DA:225,0
DA:228,0
DA:229,0
DA:230,0
DA:232,0
DA:238,0
DA:247,0
DA:248,0
DA:249,0
DA:250,0
DA:251,0
DA:253,0
DA:254,0
DA:260,0
DA:265,0
DA:270,0
DA:271,0
DA:272,0
DA:279,0
DA:280,0
DA:282,0
DA:285,0
DA:287,0
DA:329,0
DA:330,0
DA:331,0
DA:333,0
DA:338,0
DA:344,0
DA:345,0
DA:346,0
DA:348,0
DA:349,0
DA:350,0
DA:358,1
DA:364,2
DA:366,1
DA:367,0
DA:369,1
DA:370,0
DA:375,3
DA:376,0
DA:380,2
DA:383,1
DA:386,1
DA:387,1
DA:388,0
DA:389,0
DA:390,0
DA:392,0
DA:393,0
DA:394,0
DA:395,0
DA:398,0
DA:400,0
DA:402,0
DA:405,0
DA:406,0
DA:407,0
DA:408,0
DA:409,0
DA:412,0
DA:413,0
DA:414,0
DA:430,1
DA:432,2
DA:434,2
DA:435,0
DA:436,0
DA:440,1
DA:443,0
DA:444,0
DA:446,0
DA:451,0
DA:455,0
DA:456,0
DA:457,0
DA:458,0
DA:459,0
DA:461,0
DA:462,0
DA:467,0
DA:468,0
DA:471,0
DA:472,0
DA:473,0
DA:474,0
DA:477,0
DA:478,0
DA:479,0
DA:483,0
DA:484,0
DA:485,0
DA:486,0
DA:489,0
DA:493,0
DA:497,0
DA:498,0
DA:502,0
DA:504,0
DA:505,0
DA:506,0
DA:512,0
DA:516,0
DA:522,0
DA:523,0
DA:525,0
DA:530,1
DA:533,1
DA:534,1
DA:537,0
DA:541,2
DA:544,2
DA:546,1
DA:551,2
DA:552,0
DA:556,0
DA:557,0
DA:558,0
DA:559,0
DA:560,0
DA:563,0
DA:564,0
DA:566,0
DA:568,0
DA:571,0
DA:580,1
DA:581,0
DA:582,0
DA:584,0
DA:589,1
DA:592,1
DA:594,3
DA:597,1
DA:598,0
DA:599,0
DA:601,0
LF:229
LH:46
end_of_record
SF:lib/features/event/data/models/event_detail_model.dart
DA:25,2
DA:44,2
DA:45,2
DA:47,2
DA:48,2
DA:49,2
DA:50,2
DA:51,2
DA:52,2
DA:54,2
DA:55,4
DA:57,2
DA:58,2
DA:59,2
DA:60,2
DA:62,4
DA:63,2
DA:64,2
DA:65,2
DA:66,2
DA:71,0
DA:72,0
DA:73,0
DA:74,0
DA:75,0
DA:76,0
DA:77,0
DA:78,0
DA:79,0
DA:80,0
DA:81,0
DA:82,0
DA:83,0
DA:84,0
DA:85,0
DA:90,1
DA:93,2
DA:96,1
DA:99,1
DA:102,1
DA:105,1
DA:108,1
DA:117,1
DA:118,1
DA:119,1
DA:120,1
DA:121,1
DA:122,1
DA:123,1
DA:124,1
DA:125,1
DA:126,1
DA:130,1
DA:131,1
DA:132,1
DA:133,1
DA:134,1
DA:135,1
DA:138,1
DA:139,1
DA:140,1
DA:141,1
DA:142,1
DA:147,0
DA:148,0
DA:149,0
DA:150,0
DA:151,0
DA:152,0
DA:153,0
DA:154,0
DA:155,0
DA:156,0
DA:157,0
DA:158,0
DA:159,0
DA:160,0
DA:161,0
DA:162,0
DA:163,0
LF:80
LH:48
end_of_record
SF:lib/services/notification_service.dart
DA:5,0
DA:6,0
DA:18,1
DA:27,0
DA:34,0
DA:39,0
DA:43,0
DA:49,0
DA:55,0
DA:60,0
DA:69,0
DA:76,0
DA:81,0
DA:92,0
DA:100,0
DA:105,0
DA:111,0
DA:117,0
DA:122,0
DA:135,0
DA:142,0
DA:147,0
DA:151,0
DA:157,0
DA:163,0
DA:168,0
DA:177,0
DA:184,0
DA:189,0
DA:193,0
DA:202,0
DA:209,0
DA:214,0
DA:224,0
DA:232,0
DA:237,0
DA:248,0
DA:255,0
DA:260,0
DA:264,0
DA:270,0
DA:277,0
DA:282,0
DA:286,0
DA:292,0
DA:300,0
DA:305,0
DA:316,0
DA:324,0
DA:329,0
DA:340,0
DA:347,0
DA:352,0
DA:362,0
DA:371,0
DA:376,0
DA:388,0
DA:397,0
DA:402,0
DA:414,0
DA:421,0
DA:426,0
DA:438,0
DA:446,0
DA:451,0
LF:65
LH:1
end_of_record
SF:lib/features/create_event/data/models/event_original_model.dart
DA:17,1
DA:30,1
DA:31,1
DA:33,1
DA:34,4
DA:35,0
DA:38,1
DA:39,1
DA:40,1
DA:41,1
DA:42,2
DA:43,2
DA:44,1
DA:45,2
DA:46,1
DA:47,2
DA:48,1
DA:52,1
DA:53,1
DA:54,1
DA:55,1
DA:56,1
DA:57,2
DA:58,2
DA:59,1
DA:60,1
DA:61,1
DA:62,2
DA:63,1
DA:67,1
DA:68,1
DA:69,1
DA:70,1
DA:71,1
DA:72,1
DA:73,1
DA:75,2
DA:76,1
DA:77,1
DA:81,0
DA:82,0
DA:83,0
DA:84,0
DA:85,0
DA:86,0
DA:87,0
DA:88,0
DA:89,0
DA:91,0
DA:92,0
DA:96,1
DA:97,1
DA:98,1
DA:100,0
DA:102,0
DA:104,0
DA:106,0
LF:57
LH:41
end_of_record
SF:lib/features/create_event/domain/usecases/get_user_event_history.dart
DA:9,2
DA:11,2
DA:15,4
LF:3
LH:3
end_of_record
SF:lib/features/create_event/data/fakes/fake_event_repository.dart
DA:9,3
DA:13,1
DA:14,2
DA:15,3
DA:16,1
DA:20,2
DA:21,2
DA:30,2
DA:32,1
DA:36,2
DA:37,2
DA:39,2
DA:45,1
DA:48,1
DA:51,1
DA:54,1
DA:55,1
DA:59,2
DA:64,1
DA:67,1
DA:69,1
DA:70,6
DA:73,0
DA:75,0
DA:77,0
DA:78,0
DA:79,0
DA:82,0
DA:86,1
DA:88,1
DA:89,5
DA:92,0
DA:94,0
DA:97,0
DA:120,0
DA:121,0
DA:122,0
DA:123,0
DA:125,0
DA:128,0
DA:130,0
DA:142,0
DA:148,0
DA:151,0
DA:152,0
DA:156,0
DA:160,0
DA:161,0
DA:163,0
DA:167,0
DA:171,0
DA:172,0
DA:174,0
DA:178,0
DA:182,0
DA:183,0
DA:188,0
LF:57
LH:25
end_of_record
SF:lib/features/create_event/domain/usecases/update_event.dart
DA:9,2
DA:12,2
DA:22,4
DA:23,1
DA:28,1
DA:29,1
DA:34,4
DA:36,1
DA:42,2
DA:43,2
DA:45,2
DA:46,2
DA:47,2
DA:48,2
DA:52,4
LF:15
LH:15
end_of_record
SF:lib/features/create_event/domain/usecases/delete_event.dart
DA:8,2
DA:11,2
DA:13,4
DA:14,1
DA:18,4
DA:20,1
DA:27,4
LF:7
LH:7
end_of_record
SF:lib/features/create_event/domain/usecases/create_event.dart
DA:9,3
DA:12,3
DA:21,6
DA:22,1
DA:27,2
DA:28,1
DA:33,3
DA:35,3
DA:41,3
DA:46,6
LF:10
LH:10
end_of_record
SF:lib/features/create_event/presentation/providers/event_providers.dart
DA:13,9
DA:15,0
DA:19,0
DA:20,0
DA:24,8
DA:25,6
DA:29,4
DA:30,3
DA:34,4
DA:35,3
DA:39,4
DA:40,4
DA:41,2
DA:42,4
DA:52,2
DA:58,2
DA:63,2
DA:64,0
DA:66,2
DA:75,2
DA:77,2
DA:81,2
DA:83,4
DA:85,6
DA:88,4
DA:89,2
DA:90,2
DA:91,2
DA:92,2
DA:93,2
DA:94,2
DA:96,3
DA:98,8
DA:104,0
DA:105,0
DA:110,2
DA:111,2
DA:112,1
DA:113,2
DA:114,2
DA:126,1
DA:134,1
DA:141,1
DA:142,1
DA:144,1
DA:145,1
DA:146,1
DA:156,1
DA:161,1
DA:164,1
DA:173,3
DA:176,2
DA:185,3
DA:187,4
DA:192,1
DA:193,3
DA:196,2
DA:197,3
DA:199,4
DA:205,0
DA:206,0
DA:211,0
DA:212,0
DA:213,0
DA:215,0
DA:216,0
DA:220,0
DA:221,0
DA:222,0
LF:69
LH:53
end_of_record
SF:lib/features/event/domain/usecases/end_event_now.dart
DA:8,1
DA:10,1
DA:11,2
LF:3
LH:3
end_of_record
SF:lib/features/event/domain/usecases/extend_event_time.dart
DA:8,1
DA:10,1
DA:11,2
LF:3
LH:3
end_of_record
SF:lib/features/event/domain/usecases/update_event_status.dart
DA:8,1
DA:11,1
DA:12,2
LF:3
LH:3
end_of_record
SF:lib/features/event/domain/usecases/toggle_suggestion_vote.dart
DA:7,1
DA:9,1
DA:15,2
DA:20,4
DA:24,2
DA:31,2
LF:6
LH:6
end_of_record
SF:lib/features/event/domain/usecases/create_location_suggestion.dart
DA:8,1
DA:10,1
DA:20,2
LF:3
LH:3
end_of_record
SF:lib/features/event/domain/entities/suggestion.dart
DA:12,5
DA:23,2
DA:26,7
DA:28,1
DA:29,2
DA:45,2
DA:58,2
DA:61,1
DA:62,3
DA:63,3
DA:65,0
DA:66,0
DA:78,3
DA:87,1
DA:90,1
DA:91,3
DA:92,3
DA:94,0
DA:95,0
LF:19
LH:15
end_of_record
SF:lib/features/event/domain/usecases/create_suggestion.dart
DA:8,1
DA:10,1
DA:18,2
LF:3
LH:3
end_of_record
SF:lib/features/event/domain/usecases/get_event_suggestions.dart
DA:8,1
DA:10,1
DA:11,2
LF:3
LH:3
end_of_record
SF:lib/features/event/domain/usecases/get_event_polls.dart
DA:8,1
DA:10,1
DA:11,2
LF:3
LH:3
end_of_record
SF:lib/features/event/domain/entities/poll.dart
DA:12,4
DA:22,2
DA:31,2
DA:32,2
DA:33,2
DA:34,2
DA:35,2
DA:36,0
DA:37,2
DA:38,2
DA:51,3
DA:59,2
DA:66,2
DA:67,2
DA:68,2
DA:69,2
DA:70,0
DA:71,1
LF:18
LH:16
end_of_record
SF:lib/features/event/domain/usecases/submit_rsvp.dart
DA:8,1
DA:10,1
DA:11,2
LF:3
LH:3
end_of_record
SF:lib/features/event/domain/entities/rsvp.dart
DA:13,6
DA:24,1
DA:34,1
DA:35,1
DA:36,1
DA:37,1
DA:38,1
DA:39,1
DA:40,1
DA:41,1
DA:42,1
LF:11
LH:11
end_of_record
SF:lib/features/event/domain/usecases/get_event_detail.dart
DA:8,2
DA:10,2
DA:11,4
LF:3
LH:3
end_of_record
SF:lib/features/event/domain/usecases/upload_event_photo.dart
DA:9,1
DA:18,1
DA:24,1
DA:25,1
DA:28,1
DA:29,1
DA:33,2
DA:36,1
LF:8
LH:8
end_of_record
SF:lib/features/event/data/models/poll_model.dart
DA:17,1
DA:28,1
DA:29,1
DA:31,3
DA:32,1
DA:34,1
DA:35,1
DA:36,1
DA:37,1
DA:38,1
DA:39,2
DA:40,1
DA:46,0
DA:47,0
DA:48,0
DA:49,0
DA:50,0
DA:51,0
DA:52,0
DA:53,0
DA:58,1
DA:61,2
DA:62,1
DA:65,0
DA:73,6
DA:75,1
DA:76,1
DA:77,1
DA:79,1
DA:81,1
DA:82,1
DA:87,0
DA:89,0
DA:90,0
DA:91,0
DA:93,0
DA:94,0
DA:95,0
DA:96,0
DA:97,0
DA:98,0
DA:99,0
DA:112,1
DA:120,1
DA:121,1
DA:122,1
DA:123,1
DA:124,1
DA:125,1
DA:130,0
DA:131,0
DA:132,0
DA:133,0
DA:134,0
DA:135,0
DA:140,1
DA:141,1
DA:142,1
DA:143,1
DA:144,1
DA:145,1
DA:151,0
DA:152,0
DA:153,0
DA:154,0
DA:155,0
DA:156,0
LF:67
LH:35
end_of_record
SF:lib/features/event/data/fakes/fake_poll_repository.dart
DA:8,1
DA:10,1
DA:11,6
DA:14,1
DA:21,1
DA:23,1
DA:24,4
DA:29,1
DA:30,1
DA:31,1
DA:32,2
DA:33,2
DA:34,4
DA:35,1
DA:37,1
DA:40,1
DA:41,1
DA:45,2
DA:49,1
DA:51,1
DA:53,5
DA:54,1
DA:55,2
DA:56,3
DA:57,2
DA:58,1
DA:59,2
DA:60,3
DA:64,1
DA:66,3
DA:70,0
DA:72,0
LF:32
LH:30
end_of_record
SF:lib/features/event/data/models/suggestion_model.dart
DA:18,1
DA:30,1
DA:32,1
DA:34,1
DA:35,1
DA:36,1
DA:37,1
DA:38,1
DA:39,1
DA:40,2
DA:41,1
DA:42,2
DA:44,2
DA:49,0
DA:50,0
DA:51,0
DA:52,0
DA:53,0
DA:54,0
DA:55,0
DA:56,0
DA:61,1
DA:62,1
DA:63,1
DA:64,1
DA:65,1
DA:66,1
DA:67,1
DA:68,1
DA:69,1
DA:70,1
DA:75,0
DA:76,0
DA:77,0
DA:78,0
DA:79,0
DA:80,0
DA:81,0
DA:82,0
DA:83,0
DA:84,0
DA:102,0
DA:116,0
DA:118,0
DA:120,0
DA:121,0
DA:122,0
DA:123,0
DA:124,0
DA:125,0
DA:126,0
DA:127,0
DA:128,0
DA:129,0
DA:130,0
DA:135,0
DA:136,0
DA:137,0
DA:138,0
DA:139,0
DA:140,0
DA:141,0
DA:142,0
DA:143,0
DA:144,0
DA:149,0
DA:150,0
DA:151,0
DA:152,0
DA:153,0
DA:154,0
DA:155,0
DA:156,0
DA:157,0
DA:158,0
DA:159,0
DA:160,0
DA:165,0
DA:166,0
DA:167,0
DA:168,0
DA:169,0
DA:170,0
DA:171,0
DA:172,0
DA:173,0
DA:174,0
DA:175,0
DA:176,0
DA:190,0
DA:200,0
DA:202,0
DA:204,0
DA:205,0
DA:206,0
DA:207,0
DA:208,0
DA:209,0
DA:210,0
DA:215,0
DA:216,0
DA:217,0
DA:218,0
DA:219,0
DA:220,0
DA:225,0
DA:226,0
DA:227,0
DA:228,0
DA:229,0
DA:230,0
DA:231,0
DA:232,0
DA:237,0
DA:238,0
DA:239,0
DA:240,0
DA:241,0
DA:242,0
DA:243,0
LF:120
LH:23
end_of_record
SF:lib/features/event/domain/usecases/get_event_rsvps.dart
DA:8,2
DA:10,2
DA:11,4
LF:3
LH:3
end_of_record
SF:lib/features/event/data/fakes/fake_event_repository.dart
DA:8,3
DA:11,1
DA:12,2
DA:13,3
DA:17,2
DA:18,2
DA:27,2
DA:36,0
DA:41,0
DA:43,0
DA:44,0
DA:45,0
DA:46,0
DA:47,0
DA:48,0
DA:49,0
DA:50,0
DA:51,0
DA:52,0
DA:59,1
DA:62,1
DA:64,1
DA:66,2
DA:70,1
DA:74,2
DA:75,2
DA:84,2
DA:91,0
DA:93,0
DA:94,0
DA:97,0
DA:103,0
DA:105,0
DA:108,0
DA:109,0
DA:123,0
DA:130,0
DA:131,0
DA:132,0
DA:133,0
DA:136,0
DA:137,0
DA:138,0
DA:139,0
DA:140,0
DA:141,0
DA:145,0
DA:150,0
DA:158,0
DA:160,0
DA:162,0
DA:165,0
DA:168,0
DA:169,0
DA:170,0
DA:171,0
DA:172,0
DA:173,0
DA:174,0
DA:175,0
DA:181,0
DA:182,0
DA:183,0
DA:184,0
DA:185,0
DA:189,0
DA:194,1
DA:199,1
DA:201,2
DA:203,0
DA:206,1
DA:209,1
DA:210,1
DA:211,1
DA:212,1
DA:213,1
DA:214,1
DA:215,1
DA:217,1
DA:218,1
DA:219,1
DA:220,1
DA:224,2
DA:229,0
DA:232,0
DA:235,0
DA:259,1
DA:261,1
DA:263,1
DA:264,2
DA:266,0
DA:270,1
DA:271,2
DA:274,1
DA:275,2
DA:280,1
DA:282,1
DA:284,1
DA:285,2
DA:287,0
DA:291,2
DA:292,2
LF:102
LH:45
end_of_record
SF:lib/features/event/data/fakes/fake_rsvp_repository.dart
DA:8,3
DA:10,1
DA:17,2
DA:19,1
DA:26,2
DA:28,1
DA:35,2
DA:37,1
DA:44,2
DA:46,1
DA:53,2
DA:57,1
DA:64,2
DA:66,1
DA:73,2
DA:75,1
DA:82,2
DA:86,1
DA:93,2
DA:95,1
DA:102,2
DA:106,1
DA:113,2
DA:115,1
DA:122,2
DA:126,1
DA:133,2
DA:137,1
DA:139,1
DA:140,6
DA:143,1
DA:145,1
DA:147,2
DA:148,5
DA:156,1
DA:163,1
DA:169,2
DA:170,5
DA:171,2
DA:175,2
DA:178,1
DA:182,1
DA:183,1
DA:185,1
DA:186,3
DA:192,1
DA:196,7
DA:197,2
DA:200,1
DA:203,1
DA:210,1
DA:212,1
DA:213,1
DA:214,6
DA:215,1
DA:218,0
DA:223,0
DA:226,0
DA:229,0
DA:230,0
DA:231,0
DA:233,0
DA:235,0
DA:240,0
DA:241,0
DA:242,0
DA:243,0
DA:244,0
DA:245,0
DA:247,0
DA:250,0
DA:255,0
DA:258,0
DA:261,0
DA:266,0
DA:267,0
DA:269,0
DA:271,0
DA:274,0
LF:79
LH:55
end_of_record
SF:lib/features/event/data/fakes/fake_suggestion_repository.dart
DA:7,6
DA:8,3
DA:12,1
DA:15,1
DA:17,2
DA:21,1
DA:31,1
DA:34,3
DA:35,1
DA:38,1
DA:39,2
DA:42,1
DA:43,1
DA:46,1
DA:51,1
DA:55,0
DA:56,0
DA:57,0
DA:61,0
DA:62,0
DA:69,0
DA:73,0
DA:76,0
DA:81,1
DA:83,2
DA:88,0
DA:91,0
DA:93,0
DA:94,0
DA:96,0
DA:97,0
DA:98,0
DA:99,0
DA:102,1
DA:109,1
DA:111,1
DA:112,2
DA:115,1
DA:116,1
DA:117,1
DA:120,7
DA:125,1
DA:131,1
DA:133,6
DA:136,1
DA:142,1
DA:144,2
DA:145,4
DA:147,2
DA:148,2
DA:149,1
DA:150,1
DA:151,2
DA:152,2
DA:154,1
DA:157,0
DA:160,0
DA:163,0
DA:164,0
DA:167,0
DA:168,0
DA:172,0
DA:175,1
DA:177,1
DA:179,1
DA:181,1
DA:183,1
DA:190,1
DA:196,0
DA:198,0
DA:199,0
DA:202,0
DA:206,0
DA:208,0
DA:210,0
DA:211,0
DA:215,0
DA:216,0
DA:218,0
DA:219,0
DA:220,0
DA:221,0
DA:224,0
DA:234,1
DA:237,3
DA:239,1
DA:240,0
DA:241,0
DA:242,2
DA:246,0
DA:249,0
DA:250,0
DA:254,0
DA:257,0
DA:260,0
DA:261,0
DA:262,0
DA:263,0
DA:264,0
DA:265,0
DA:266,0
DA:268,0
DA:269,0
DA:272,0
DA:273,0
DA:274,0
DA:284,0
DA:289,0
DA:290,0
DA:293,0
DA:297,0
DA:299,0
DA:301,0
DA:302,0
DA:306,0
DA:307,0
DA:309,0
DA:310,0
DA:311,0
DA:312,0
DA:315,0
DA:316,0
DA:317,0
DA:328,1
DA:333,3
DA:335,1
DA:336,0
DA:337,2
DA:341,0
DA:344,0
DA:345,0
DA:349,0
DA:352,0
DA:355,0
DA:356,0
DA:357,0
DA:358,0
DA:359,0
DA:360,0
DA:361,0
DA:363,0
DA:364,0
DA:367,0
DA:368,0
DA:369,0
DA:379,6
DA:380,3
DA:383,0
DA:388,0
DA:390,0
DA:394,0
DA:406,0
DA:409,0
DA:410,0
DA:413,0
DA:414,0
DA:417,0
DA:418,0
DA:423,0
DA:427,0
DA:431,0
DA:432,0
DA:436,0
DA:437,0
DA:446,0
DA:452,0
DA:455,0
DA:460,0
DA:463,0
DA:468,0
DA:473,0
DA:475,0
DA:477,0
DA:479,0
DA:480,0
DA:481,0
DA:482,0
DA:485,0
DA:491,0
DA:493,0
DA:494,0
DA:497,0
DA:498,0
DA:499,0
DA:502,0
DA:503,0
DA:504,0
DA:510,0
DA:516,0
DA:518,0
DA:519,0
DA:520,0
DA:523,0
DA:529,0
DA:531,0
DA:533,0
DA:535,0
DA:536,0
DA:537,0
DA:538,0
DA:539,0
DA:540,0
DA:542,0
DA:545,0
DA:548,0
DA:551,0
DA:552,0
DA:555,0
DA:558,0
DA:559,0
DA:560,0
DA:561,0
DA:565,0
DA:568,0
DA:578,0
DA:580,0
DA:581,0
DA:588,0
DA:594,0
DA:595,0
DA:597,0
DA:605,1
DA:606,2
DA:607,2
DA:608,2
DA:609,2
LF:226
LH:60
end_of_record
SF:lib/features/create_event/presentation/widgets/location_section.dart
DA:19,1
DA:26,1
DA:27,1
DA:41,1
DA:43,1
DA:46,2
DA:47,0
DA:48,0
DA:52,1
DA:54,1
DA:56,4
DA:57,0
DA:58,0
DA:59,0
DA:63,1
DA:65,1
DA:66,2
DA:67,2
DA:68,1
DA:71,1
DA:73,1
DA:81,1
DA:83,1
DA:85,1
DA:86,1
DA:88,1
DA:90,1
DA:92,2
DA:97,1
DA:103,1
DA:104,2
DA:106,0
DA:107,0
DA:111,0
DA:114,1
DA:118,0
DA:119,0
DA:121,0
DA:123,0
DA:125,0
DA:128,0
DA:129,0
DA:135,0
DA:136,0
DA:137,0
DA:138,0
DA:143,0
DA:145,0
DA:146,0
DA:147,0
DA:151,0
DA:152,0
DA:159,0
DA:160,0
DA:161,0
DA:162,0
DA:170,0
DA:171,0
DA:188,0
DA:189,0
DA:190,0
DA:193,0
DA:195,0
DA:196,0
DA:197,0
DA:214,1
DA:215,1
DA:217,1
DA:219,1
DA:222,1
DA:223,0
DA:229,1
DA:230,1
DA:231,1
DA:232,1
DA:235,1
DA:236,0
DA:237,0
DA:243,1
DA:244,1
DA:245,1
DA:247,1
DA:249,1
DA:250,1
DA:251,1
DA:266,3
DA:268,1
DA:269,2
DA:270,2
DA:278,1
DA:280,0
DA:284,1
DA:285,1
DA:291,1
DA:292,2
DA:293,0
DA:295,1
DA:296,0
DA:297,1
DA:300,1
DA:302,1
DA:303,1
DA:304,1
DA:316,1
DA:317,1
DA:319,2
DA:328,1
DA:337,1
DA:343,2
DA:344,1
DA:346,2
DA:347,1
DA:349,1
DA:353,1
DA:354,1
DA:355,1
DA:356,1
DA:360,1
DA:361,1
DA:362,1
DA:363,1
DA:367,1
DA:368,1
DA:382,0
DA:385,0
DA:386,0
DA:387,0
DA:388,0
DA:389,0
DA:394,0
DA:395,0
DA:400,0
DA:407,0
DA:408,0
DA:409,0
DA:412,0
DA:413,0
DA:414,0
DA:417,0
DA:418,0
DA:419,0
DA:421,0
DA:422,0
DA:425,0
DA:426,0
DA:430,0
DA:431,0
DA:432,0
DA:435,0
DA:436,0
DA:439,0
DA:443,0
DA:444,0
DA:445,0
DA:446,0
DA:452,0
DA:453,0
DA:454,0
DA:455,0
DA:456,0
DA:461,0
DA:463,0
DA:467,0
DA:468,0
DA:469,0
DA:470,0
DA:475,0
DA:476,0
DA:477,0
DA:484,0
DA:485,0
DA:487,0
DA:488,0
DA:489,0
DA:490,0
DA:491,0
DA:492,0
DA:494,0
DA:495,0
DA:497,0
DA:504,0
DA:507,0
DA:511,0
DA:513,0
DA:516,0
DA:517,0
DA:518,0
DA:519,0
DA:520,0
DA:526,0
DA:527,0
DA:528,0
DA:532,0
DA:533,0
DA:537,0
DA:538,0
DA:542,0
DA:544,0
DA:545,0
DA:546,0
DA:547,0
DA:553,0
DA:554,0
DA:555,0
DA:557,0
DA:558,0
DA:559,0
DA:562,0
DA:563,0
DA:564,0
DA:565,0
DA:566,0
DA:567,0
DA:568,0
DA:569,0
DA:578,0
DA:579,0
DA:580,0
DA:581,0
DA:586,0
DA:587,0
DA:588,0
DA:589,0
DA:595,0
DA:596,0
DA:597,0
DA:598,0
DA:600,0
DA:601,0
DA:603,0
DA:604,0
DA:606,0
DA:607,0
DA:609,0
DA:612,0
DA:614,0
DA:615,0
DA:617,0
DA:619,0
DA:620,0
DA:622,0
DA:624,0
DA:626,0
DA:627,0
DA:629,0
DA:631,0
DA:633,0
DA:634,0
DA:639,0
DA:640,0
DA:641,0
DA:643,0
DA:645,0
DA:646,0
DA:647,0
DA:651,0
DA:652,0
DA:662,0
DA:664,0
DA:671,0
DA:672,0
DA:675,0
DA:677,0
DA:678,0
DA:679,0
DA:683,0
DA:685,0
DA:686,0
DA:688,0
DA:691,0
DA:693,0
DA:700,0
DA:701,0
DA:703,0
DA:704,0
DA:705,0
DA:709,0
DA:710,0
DA:711,0
DA:712,0
DA:713,0
DA:714,0
DA:719,0
DA:720,0
DA:721,0
DA:722,0
DA:723,0
DA:725,0
DA:726,0
DA:727,0
DA:733,0
DA:734,0
DA:736,0
DA:737,0
DA:738,0
DA:739,0
DA:745,0
DA:747,0
DA:748,0
DA:749,0
DA:764,0
DA:766,0
DA:767,0
DA:768,0
DA:770,0
DA:771,0
DA:773,0
DA:774,0
DA:775,0
DA:779,0
DA:780,0
DA:781,0
DA:784,0
DA:785,0
DA:791,0
DA:792,0
DA:794,0
DA:797,0
DA:798,0
DA:799,0
DA:800,0
DA:802,0
DA:803,0
DA:805,0
DA:811,0
DA:812,0
DA:814,0
DA:817,0
DA:818,0
DA:819,0
DA:824,0
DA:826,0
DA:827,0
DA:828,0
DA:829,0
DA:830,0
DA:832,0
DA:833,0
DA:844,0
DA:850,0
DA:851,0
DA:859,0
DA:861,0
DA:862,0
DA:863,0
DA:865,0
DA:868,0
DA:870,0
DA:871,0
DA:874,0
DA:875,0
DA:876,0
DA:877,0
DA:878,0
DA:879,0
DA:884,0
DA:885,0
DA:889,0
DA:892,0
DA:895,0
DA:897,0
DA:898,0
DA:899,0
DA:900,0
DA:901,0
DA:908,0
DA:909,0
DA:910,0
DA:912,0
DA:913,0
DA:914,0
DA:917,0
DA:918,0
DA:919,0
DA:920,0
DA:921,0
DA:922,0
DA:923,0
DA:924,0
DA:932,0
DA:933,0
DA:934,0
DA:935,0
DA:936,0
DA:941,0
DA:942,0
DA:943,0
DA:944,0
DA:945,0
DA:947,0
DA:950,0
DA:952,0
DA:954,0
DA:955,0
DA:957,0
DA:960,0
DA:966,0
DA:967,0
DA:968,0
DA:969,0
DA:971,0
DA:972,0
DA:974,0
DA:975,0
DA:977,0
DA:978,0
DA:980,0
DA:983,0
DA:985,0
DA:987,0
DA:989,0
DA:990,0
DA:991,0
DA:992,0
DA:994,0
DA:999,0
DA:1016,0
DA:1017,0
DA:1028,0
DA:1030,0
DA:1032,0
DA:1034,0
DA:1036,0
DA:1039,0
DA:1040,0
DA:1042,0
DA:1043,0
DA:1044,0
DA:1046,0
DA:1054,0
DA:1055,0
DA:1060,0
DA:1061,0
DA:1062,0
DA:1063,0
DA:1066,0
DA:1067,0
DA:1068,0
DA:1069,0
DA:1070,0
DA:1071,0
DA:1074,0
DA:1077,0
DA:1080,0
DA:1081,0
DA:1082,0
DA:1083,0
DA:1084,0
DA:1089,0
DA:1090,0
DA:1095,0
DA:1102,0
DA:1103,0
DA:1104,0
DA:1107,0
DA:1108,0
DA:1109,0
DA:1110,0
DA:1111,0
DA:1112,0
DA:1113,0
DA:1114,0
DA:1117,0
DA:1118,0
DA:1121,0
DA:1125,0
DA:1126,0
DA:1127,0
DA:1128,0
DA:1139,0
DA:1141,0
DA:1143,0
DA:1144,0
DA:1145,0
DA:1146,0
DA:1148,0
DA:1149,0
DA:1152,0
DA:1153,0
DA:1155,0
DA:1156,0
DA:1157,0
DA:1158,0
DA:1163,0
DA:1164,0
DA:1165,0
DA:1182,0
DA:1184,0
DA:1186,0
DA:1187,0
DA:1188,0
DA:1189,0
DA:1192,0
DA:1194,0
DA:1195,0
DA:1197,0
DA:1199,0
DA:1203,0
DA:1205,0
DA:1219,0
DA:1221,0
DA:1222,0
DA:1228,0
DA:1230,0
DA:1231,0
DA:1234,0
DA:1236,0
DA:1239,0
DA:1241,0
DA:1242,0
DA:1243,0
DA:1247,0
DA:1248,0
DA:1252,0
DA:1253,0
DA:1254,0
DA:1255,0
DA:1256,0
DA:1258,0
DA:1284,0
DA:1292,0
DA:1293,0
DA:1294,0
DA:1295,0
DA:1296,0
DA:1297,0
DA:1298,0
DA:1302,0
DA:1303,0
DA:1304,0
DA:1305,0
DA:1306,0
DA:1307,0
DA:1308,0
DA:1321,0
LF:535
LH:79
end_of_record
SF:lib/shared/components/common/top_banner.dart
DA:20,0
DA:25,0
DA:34,0
DA:39,0
DA:48,1
DA:53,1
DA:62,0
DA:67,0
DA:76,0
DA:81,0
DA:90,1
DA:97,0
DA:100,1
DA:102,1
DA:104,1
DA:105,2
DA:109,0
DA:110,0
DA:111,0
DA:118,1
DA:123,2
DA:124,1
DA:126,0
DA:138,1
DA:145,1
DA:146,1
DA:155,1
DA:157,1
DA:158,2
DA:163,2
DA:166,2
DA:167,1
DA:171,2
DA:174,1
DA:176,2
DA:177,1
DA:181,0
DA:182,0
DA:183,0
DA:185,0
DA:186,0
DA:187,0
DA:192,0
DA:193,0
DA:194,0
DA:196,0
DA:197,0
DA:202,0
DA:204,0
DA:206,0
DA:207,0
DA:209,0
DA:210,0
DA:214,0
DA:215,0
DA:221,1
DA:222,2
DA:223,1
DA:229,1
DA:235,0
DA:241,0
DA:242,0
DA:244,0
DA:250,0
DA:252,0
DA:259,1
DA:261,3
DA:262,1
DA:264,1
DA:268,1
DA:269,1
DA:270,1
DA:271,1
DA:272,1
DA:273,1
DA:274,2
DA:275,1
DA:276,1
DA:277,2
DA:285,1
DA:286,1
DA:287,1
DA:288,1
DA:289,1
DA:290,1
DA:296,1
DA:297,2
DA:298,3
DA:299,3
DA:304,1
DA:305,1
DA:307,2
DA:308,1
DA:309,1
DA:310,1
DA:316,1
DA:317,1
DA:318,2
DA:339,1
LF:99
LH:61
end_of_record
SF:lib/shared/constants/text_styles.dart
DA:6,4
DA:13,5
DA:20,0
DA:27,1
DA:34,5
DA:41,1
DA:48,1
DA:55,5
DA:62,2
DA:71,0
DA:78,0
DA:85,0
LF:12
LH:8
end_of_record
SF:lib/shared/themes/colors.dart
DA:33,0
LF:1
LH:0
end_of_record
SF:lib/shared/models/event_draft.dart
DA:16,1
DA:28,0
DA:29,0
DA:30,0
DA:31,0
DA:32,0
DA:33,0
DA:37,1
DA:39,3
DA:42,3
DA:45,1
DA:46,1
DA:47,1
DA:48,1
DA:49,1
DA:50,2
DA:51,2
DA:52,2
DA:53,2
DA:54,2
DA:56,1
DA:57,2
DA:58,2
DA:59,2
DA:60,2
DA:61,2
DA:63,1
DA:70,1
DA:71,1
DA:72,1
DA:73,1
DA:74,2
DA:75,1
DA:76,5
DA:78,2
DA:79,1
DA:80,5
DA:82,1
DA:83,2
DA:88,1
DA:89,1
DA:90,1
DA:91,1
DA:92,1
DA:93,2
DA:95,1
DA:96,1
DA:97,2
DA:98,2
DA:101,1
DA:102,2
DA:104,1
DA:105,1
DA:106,2
DA:107,2
DA:110,1
DA:111,0
DA:113,2
DA:118,0
DA:127,0
DA:128,0
DA:129,0
DA:130,0
DA:131,0
DA:132,0
DA:133,0
DA:134,0
DA:135,0
LF:68
LH:51
end_of_record
SF:lib/features/create_event/presentation/widgets/inline_date_picker.dart
DA:15,0
DA:22,0
DA:23,0
DA:30,0
DA:32,0
DA:33,0
DA:34,0
DA:35,0
DA:38,0
DA:40,0
DA:42,0
DA:44,0
DA:46,0
DA:48,0
DA:50,0
DA:54,0
DA:58,0
DA:64,0
DA:65,0
DA:67,0
DA:68,0
DA:69,0
DA:73,0
DA:74,0
DA:75,0
DA:80,0
DA:81,0
DA:89,0
DA:91,0
DA:94,0
DA:95,0
DA:97,0
DA:100,0
DA:108,0
DA:112,0
DA:113,0
DA:114,0
DA:115,0
DA:118,0
DA:119,0
DA:120,0
DA:123,0
DA:124,0
DA:126,0
DA:129,0
DA:130,0
DA:134,0
DA:135,0
DA:136,0
DA:137,0
DA:138,0
DA:139,0
DA:140,0
DA:142,0
DA:145,0
DA:147,0
DA:148,0
DA:149,0
DA:153,0
DA:155,0
DA:157,0
DA:159,0
DA:160,0
DA:161,0
DA:167,0
DA:168,0
DA:169,0
DA:170,0
DA:173,0
DA:177,0
DA:181,0
DA:183,0
DA:184,0
DA:189,0
DA:190,0
DA:191,0
DA:192,0
DA:194,0
DA:213,0
DA:214,0
DA:215,0
DA:217,0
DA:221,0
DA:222,0
DA:225,0
DA:226,0
DA:233,0
DA:235,0
DA:236,0
DA:237,0
DA:239,0
DA:243,0
DA:244,0
DA:245,0
DA:247,0
DA:250,0
DA:251,0
DA:252,0
DA:256,0
DA:257,0
DA:258,0
DA:262,0
DA:263,0
DA:264,0
DA:265,0
DA:266,0
DA:269,0
DA:284,0
LF:108
LH:0
end_of_record
SF:lib/features/create_event/presentation/widgets/inline_time_picker.dart
DA:12,0
DA:14,0
DA:15,0
DA:30,0
DA:32,0
DA:35,0
DA:36,0
DA:38,0
DA:39,0
DA:40,0
DA:42,0
DA:43,0
DA:44,0
DA:49,0
DA:52,0
DA:53,0
DA:54,0
DA:62,0
DA:64,0
DA:65,0
DA:66,0
DA:69,0
DA:71,0
DA:75,0
DA:77,0
DA:79,0
DA:80,0
DA:82,0
DA:83,0
DA:84,0
DA:86,0
DA:87,0
DA:88,0
DA:89,0
DA:92,0
DA:93,0
DA:94,0
DA:95,0
DA:97,0
DA:100,0
DA:105,0
DA:107,0
DA:109,0
DA:117,0
DA:118,0
DA:119,0
DA:120,0
DA:121,0
DA:122,0
DA:123,0
DA:124,0
DA:127,0
DA:128,0
DA:129,0
DA:130,0
DA:132,0
DA:135,0
DA:136,0
DA:144,0
DA:152,0
DA:153,0
DA:154,0
DA:156,0
DA:157,0
DA:162,0
DA:163,0
DA:165,0
DA:166,0
DA:167,0
DA:169,0
DA:170,0
DA:171,0
DA:177,0
DA:184,0
DA:186,0
DA:187,0
DA:188,0
DA:189,0
DA:190,0
DA:205,0
DA:206,0
DA:207,0
DA:208,0
LF:83
LH:0
end_of_record
SF:lib/features/event/domain/entities/event_display_entity.dart
DA:25,1
DA:44,1
DA:62,1
DA:63,1
DA:64,0
DA:65,1
DA:66,1
DA:67,1
DA:68,1
DA:69,0
DA:70,0
DA:71,1
DA:72,1
DA:73,1
DA:74,1
DA:75,1
DA:76,1
DA:77,1
DA:78,1
DA:82,0
DA:85,0
DA:86,0
DA:87,0
DA:88,0
DA:89,0
DA:90,0
DA:91,0
DA:92,0
DA:93,0
DA:94,0
DA:95,0
DA:96,0
DA:97,0
DA:98,0
DA:99,0
DA:100,0
DA:103,0
DA:105,0
DA:106,0
DA:107,0
DA:108,0
DA:109,0
DA:110,0
DA:111,0
DA:112,0
DA:113,0
DA:114,0
DA:115,0
DA:116,0
DA:117,0
DA:118,0
DA:119,0
DA:120,0
LF:53
LH:16
end_of_record
SF:lib/shared/components/widgets/rsvp_widget.dart
DA:19,2
DA:50,0
DA:69,0
DA:71,0
DA:74,0
DA:76,0
DA:78,0
DA:81,0
DA:83,0
DA:84,0
DA:85,0
DA:86,0
DA:89,0
DA:90,0
DA:91,0
DA:92,0
DA:93,0
DA:94,0
DA:96,0
DA:97,0
DA:98,0
DA:100,0
DA:119,0
DA:120,0
DA:121,0
DA:122,0
DA:124,0
DA:125,0
DA:127,0
DA:131,0
DA:132,0
DA:134,0
DA:135,0
DA:137,0
DA:141,0
DA:142,0
DA:144,0
DA:145,0
DA:147,0
DA:154,0
DA:155,0
DA:156,0
DA:158,0
DA:160,0
DA:161,0
DA:162,0
DA:163,0
DA:165,0
DA:169,0
DA:170,0
DA:177,0
DA:178,0
DA:189,0
DA:191,0
DA:192,0
DA:193,0
DA:194,0
DA:195,0
DA:196,0
DA:199,0
DA:200,0
DA:201,0
DA:202,0
DA:203,0
DA:204,0
DA:207,0
DA:208,0
DA:209,0
DA:210,0
DA:211,0
DA:212,0
DA:215,0
DA:217,0
DA:220,0
DA:222,0
DA:224,0
DA:225,0
DA:227,0
DA:229,0
DA:235,0
DA:236,0
DA:238,0
DA:240,0
DA:246,0
DA:247,0
DA:249,0
DA:251,0
DA:257,0
DA:258,0
DA:260,0
DA:262,0
DA:270,0
DA:272,0
DA:273,0
DA:274,0
DA:275,0
DA:276,0
DA:280,0
DA:281,0
DA:282,0
DA:283,0
DA:288,0
DA:289,0
DA:290,0
DA:291,0
DA:292,0
DA:293,0
DA:294,0
DA:295,0
DA:308,0
DA:312,0
DA:313,0
DA:315,0
DA:323,0
DA:324,0
DA:326,0
DA:330,0
DA:332,0
DA:337,0
DA:339,0
DA:341,0
DA:342,0
DA:343,0
DA:344,0
DA:352,0
DA:353,0
DA:354,0
DA:356,0
DA:357,0
DA:358,0
DA:359,0
DA:361,0
DA:365,0
DA:367,0
DA:369,0
DA:375,0
DA:376,0
DA:384,0
DA:385,0
DA:393,0
DA:394,0
DA:399,0
DA:400,0
DA:406,0
DA:408,0
DA:410,0
DA:411,0
DA:419,0
DA:421,0
DA:423,0
DA:424,0
DA:431,0
DA:434,0
DA:440,0
DA:441,0
DA:449,0
DA:450,0
DA:458,0
DA:459,0
DA:464,0
DA:465,0
DA:471,0
DA:473,0
DA:475,0
DA:476,0
DA:484,0
DA:486,0
DA:488,0
DA:489,0
DA:496,0
DA:499,0
DA:504,0
DA:510,0
DA:511,0
DA:513,0
DA:519,0
DA:529,0
DA:530,0
DA:533,0
DA:535,0
DA:552,0
DA:563,0
DA:565,0
DA:567,0
DA:569,0
DA:571,0
DA:581,0
DA:583,0
DA:592,0
DA:594,0
DA:595,0
DA:612,0
DA:619,0
DA:621,0
DA:622,0
DA:623,0
DA:628,0
DA:630,0
DA:631,0
DA:632,0
DA:633,0
DA:635,0
DA:637,0
DA:638,0
DA:640,0
DA:641,0
DA:642,0
DA:661,0
DA:668,0
DA:669,0
DA:670,0
DA:672,0
DA:679,0
DA:680,0
DA:681,0
DA:683,0
DA:686,0
DA:688,0
DA:690,0
DA:691,0
DA:694,0
DA:695,0
DA:696,0
DA:697,0
DA:698,0
DA:702,0
DA:703,0
DA:704,0
DA:709,0
DA:710,0
DA:712,0
DA:713,0
DA:727,0
DA:733,0
DA:735,0
DA:738,0
DA:740,0
DA:742,0
DA:743,0
DA:745,0
DA:749,0
DA:752,0
DA:756,0
DA:759,0
DA:763,0
DA:765,0
DA:766,0
DA:768,0
DA:771,0
DA:772,0
DA:773,0
DA:774,0
DA:778,0
DA:779,0
DA:782,0
DA:787,0
DA:790,0
DA:791,0
DA:792,0
DA:793,0
DA:803,0
DA:804,0
DA:805,0
DA:806,0
DA:813,0
DA:814,0
DA:815,0
DA:817,0
DA:819,0
DA:820,0
DA:821,0
DA:822,0
DA:824,0
DA:825,0
DA:827,0
DA:840,0
DA:848,0
DA:850,0
DA:852,0
DA:853,0
DA:854,0
DA:855,0
DA:856,0
DA:858,0
DA:860,0
DA:861,0
DA:862,0
DA:863,0
DA:864,0
DA:866,0
DA:867,0
DA:868,0
DA:869,0
DA:870,0
DA:871,0
DA:874,0
DA:876,0
DA:885,0
DA:886,0
DA:889,0
DA:890,0
DA:891,0
DA:892,0
DA:894,0
LF:304
LH:1
end_of_record
SF:lib/features/home/domain/entities/participant_photo.dart
DA:9,1
DA:16,0
DA:22,0
DA:23,0
DA:24,0
DA:25,0
DA:26,0
LF:7
LH:1
end_of_record
SF:lib/shared/components/common/common_bottom_sheet.dart
DA:18,1
DA:30,0
DA:42,0
DA:48,0
DA:60,1
DA:62,1
DA:63,1
DA:64,1
DA:73,1
DA:75,1
DA:76,2
DA:82,1
DA:84,1
DA:86,1
DA:87,1
DA:88,1
DA:89,2
DA:93,1
DA:94,0
DA:95,0
DA:103,1
DA:106,1
DA:107,1
DA:108,1
DA:114,1
DA:119,1
DA:121,0
DA:122,0
DA:123,0
DA:125,0
DA:126,0
DA:127,0
DA:128,0
DA:136,0
DA:142,4
DA:159,0
DA:171,0
DA:181,0
DA:184,0
DA:197,0
DA:199,0
DA:201,0
DA:202,0
DA:203,0
DA:204,0
DA:208,0
DA:209,0
DA:210,0
DA:211,0
DA:212,0
DA:213,0
DA:214,0
DA:216,0
DA:219,0
DA:220,0
DA:221,0
DA:226,0
DA:227,0
DA:228,0
DA:229,0
DA:230,0
DA:232,0
DA:234,0
DA:236,0
DA:237,0
DA:238,0
LF:66
LH:22
end_of_record
SF:lib/shared/components/widgets/grabber_bar.dart
DA:8,1
DA:10,1
DA:12,1
DA:16,1
DA:18,1
LF:5
LH:5
end_of_record
SF:lib/features/auth/data/datasources/auth_remote_datasource.dart
DA:17,0
DA:19,0
DA:21,0
DA:22,0
DA:23,0
DA:24,0
DA:25,0
DA:28,0
DA:35,0
DA:47,1
DA:48,0
DA:51,1
DA:53,2
DA:57,2
DA:60,1
DA:66,2
DA:69,1
DA:81,1
DA:83,2
DA:85,2
DA:89,1
DA:96,3
DA:103,0
DA:104,0
DA:109,0
DA:111,0
DA:118,0
DA:121,0
DA:126,0
DA:131,0
DA:135,0
DA:138,0
DA:144,0
DA:145,0
DA:155,0
DA:167,0
DA:168,0
DA:169,0
DA:176,0
DA:177,0
DA:178,0
DA:182,0
DA:185,0
DA:186,0
DA:188,0
DA:189,0
DA:191,0
DA:194,0
DA:200,0
DA:205,0
DA:213,0
DA:214,0
DA:215,0
DA:216,0
DA:217,0
DA:218,0
DA:221,0
DA:227,0
DA:234,0
DA:236,0
DA:237,0
DA:241,0
DA:242,0
DA:251,0
DA:252,0
DA:253,0
DA:254,0
DA:255,0
DA:257,0
LF:69
LH:12
end_of_record
SF:lib/features/auth/data/models/user_model.dart
DA:17,2
DA:29,1
DA:31,1
DA:32,1
DA:36,1
DA:37,1
DA:38,1
DA:39,1
DA:40,1
DA:41,2
DA:42,2
DA:43,1
DA:45,1
DA:47,2
DA:52,0
DA:53,0
DA:58,2
DA:59,2
DA:60,2
DA:61,3
DA:62,4
DA:63,3
DA:64,2
DA:68,2
DA:69,2
DA:70,3
DA:71,4
DA:72,3
DA:73,2
DA:77,0
DA:90,0
DA:91,0
DA:92,0
DA:93,0
DA:94,0
DA:95,0
DA:96,0
DA:97,0
DA:98,0
LF:39
LH:27
end_of_record
SF:lib/features/auth/data/repositories/auth_repository_impl.dart
DA:10,1
DA:13,1
DA:14,1
DA:15,1
DA:16,1
DA:17,1
DA:18,1
DA:22,1
DA:24,2
DA:27,0
DA:30,0
DA:36,1
DA:38,2
DA:39,1
DA:42,0
DA:44,0
DA:47,1
DA:55,2
DA:61,1
DA:67,0
DA:69,0
LF:21
LH:15
end_of_record
SF:lib/features/auth/domain/entities/user.dart
DA:7,2
LF:1
LH:1
end_of_record
SF:lib/features/auth/presentation/providers/auth_provider.dart
DA:9,4
DA:10,2
DA:11,0
DA:12,0
DA:14,0
DA:17,3
DA:18,0
DA:24,4
DA:25,2
DA:29,2
DA:31,4
DA:32,4
DA:35,1
DA:39,1
DA:41,4
DA:45,0
DA:50,1
DA:51,1
DA:53,2
DA:55,0
DA:59,0
DA:61,0
DA:62,0
DA:64,0
DA:68,1
DA:70,2
DA:71,1
DA:73,0
DA:77,0
DA:79,0
DA:81,0
DA:83,0
LF:32
LH:17
end_of_record
SF:lib/features/create_event/data/data_sources/event_data_source.dart
DA:9,0
DA:11,0
DA:18,0
DA:19,0
DA:20,0
DA:23,0
DA:28,0
DA:34,0
DA:37,0
DA:46,0
DA:59,0
DA:60,0
DA:61,0
DA:64,0
DA:65,0
DA:66,0
DA:69,0
DA:70,0
DA:76,0
DA:78,0
DA:85,0
DA:86,0
DA:87,0
DA:88,0
DA:90,0
DA:91,0
DA:100,0
DA:112,0
DA:113,0
DA:114,0
DA:115,0
DA:116,0
DA:117,0
DA:121,0
DA:125,0
DA:126,0
DA:129,0
DA:133,0
DA:134,0
DA:135,0
DA:136,0
DA:137,0
DA:139,0
DA:142,0
DA:144,0
DA:145,0
DA:154,0
DA:157,0
DA:160,0
DA:161,0
DA:165,0
DA:166,0
DA:167,0
DA:168,0
DA:169,0
DA:179,0
DA:183,0
DA:184,0
DA:185,0
DA:187,0
DA:188,0
DA:189,0
DA:191,0
DA:197,0
DA:204,0
DA:205,0
DA:206,0
DA:213,0
DA:214,0
DA:220,0
DA:221,0
DA:222,0
DA:223,0
DA:224,0
DA:225,0
DA:232,0
DA:234,0
DA:235,0
DA:236,0
DA:237,0
DA:238,0
DA:240,0
DA:246,0
DA:251,0
DA:252,0
DA:253,0
DA:268,0
DA:269,0
DA:270,0
DA:271,0
DA:272,0
DA:274,0
DA:276,0
LF:93
LH:0
end_of_record
SF:lib/features/create_event/presentation/pages/create_event_page.dart
DA:32,0
DA:34,1
DA:35,1
DA:61,1
DA:63,1
DA:64,1
DA:65,3
DA:66,1
DA:67,1
DA:72,1
DA:74,4
DA:77,0
DA:78,0
DA:79,0
DA:80,0
DA:81,0
DA:82,0
DA:83,0
DA:90,1
DA:91,1
DA:93,2
DA:94,0
DA:95,0
DA:96,0
DA:97,0
DA:98,0
DA:99,0
DA:100,0
DA:101,0
DA:102,0
DA:103,0
DA:109,0
DA:110,0
DA:111,0
DA:112,0
DA:113,0
DA:114,0
DA:115,0
DA:116,0
DA:117,0
DA:118,0
DA:123,0
DA:124,0
DA:125,0
DA:129,1
DA:130,2
DA:131,1
DA:134,3
DA:135,1
DA:137,0
DA:143,1
DA:144,1
DA:146,1
DA:147,0
DA:153,1
DA:154,1
DA:155,3
DA:156,0
DA:159,0
DA:163,0
DA:165,0
DA:166,0
DA:167,0
DA:168,0
DA:173,1
DA:174,1
DA:175,1
DA:176,0
DA:181,0
DA:183,0
DA:184,0
DA:186,0
DA:187,0
DA:188,0
DA:189,0
DA:190,0
DA:191,0
DA:192,0
DA:196,0
DA:201,0
DA:202,0
DA:203,0
DA:204,0
DA:205,0
DA:206,0
DA:209,0
DA:213,1
DA:214,1
DA:217,1
DA:222,0
DA:227,0
DA:228,0
DA:229,0
DA:230,0
DA:231,0
DA:232,0
DA:233,0
DA:236,0
DA:240,0
DA:248,0
DA:249,0
DA:250,0
DA:251,0
DA:252,0
DA:253,0
DA:254,0
DA:255,0
DA:256,0
DA:257,0
DA:258,0
DA:261,0
DA:263,0
DA:264,0
DA:265,0
DA:271,0
DA:272,0
DA:274,0
DA:276,0
DA:277,0
DA:278,0
DA:279,0
DA:285,0
DA:286,0
DA:289,0
DA:295,0
DA:296,0
DA:301,0
DA:306,0
DA:307,0
DA:308,0
DA:310,0
DA:311,0
DA:312,0
DA:313,0
DA:314,0
DA:315,0
DA:318,0
DA:319,0
DA:320,0
DA:321,0
DA:322,0
DA:329,1
DA:331,1
DA:333,0
DA:335,0
DA:336,0
DA:337,0
DA:338,0
DA:341,1
DA:343,1
DA:345,1
DA:346,0
DA:347,0
DA:348,0
DA:349,0
DA:350,0
DA:353,1
DA:364,1
DA:365,1
DA:366,1
DA:378,1
DA:379,0
DA:381,1
DA:382,1
DA:383,1
DA:384,1
DA:387,1
DA:388,1
DA:392,1
DA:394,1
DA:396,2
DA:398,2
DA:399,0
DA:400,0
DA:401,0
DA:403,0
DA:404,0
DA:405,0
DA:406,0
DA:410,0
DA:411,0
DA:412,0
DA:420,1
DA:421,1
DA:422,1
DA:423,1
DA:424,1
DA:425,0
DA:426,0
DA:427,0
DA:429,0
DA:430,0
DA:432,0
DA:433,0
DA:434,0
DA:436,0
DA:437,0
DA:439,0
DA:440,0
DA:441,0
DA:443,0
DA:445,0
DA:446,0
DA:447,0
DA:449,0
DA:451,1
DA:457,1
DA:458,1
DA:459,0
DA:460,0
DA:461,0
DA:464,0
DA:466,1
DA:472,1
DA:473,1
DA:474,0
DA:475,0
DA:476,0
DA:488,1
DA:495,1
DA:497,1
DA:499,1
DA:500,1
DA:502,1
DA:504,1
DA:505,1
DA:508,1
DA:510,2
DA:511,1
DA:526,0
DA:527,0
DA:531,0
DA:532,0
DA:534,0
DA:541,0
DA:544,0
DA:546,0
DA:547,0
DA:548,0
DA:551,0
DA:552,0
DA:553,0
DA:554,0
DA:555,0
DA:557,0
DA:559,0
DA:561,0
DA:562,0
DA:563,0
DA:565,0
DA:570,0
DA:571,0
DA:572,0
DA:574,0
DA:580,0
DA:581,0
DA:582,0
DA:587,0
DA:588,0
DA:589,0
DA:590,0
DA:591,0
DA:592,0
DA:593,0
DA:594,0
DA:595,0
DA:596,0
DA:601,0
DA:602,0
DA:603,0
DA:604,0
DA:607,0
DA:608,0
DA:609,0
DA:613,0
DA:614,0
DA:618,0
DA:619,0
DA:620,0
DA:623,0
DA:624,0
DA:625,0
DA:626,0
DA:630,0
DA:631,0
DA:633,0
DA:634,0
DA:646,0
DA:648,0
DA:652,0
DA:655,0
DA:658,0
DA:661,0
DA:664,0
DA:668,0
DA:669,0
DA:670,0
DA:671,0
DA:675,0
DA:676,0
DA:678,0
DA:679,0
DA:680,0
DA:681,0
DA:682,0
LF:305
LH:72
end_of_record
SF:lib/shared/components/nav/common_app_bar.dart
DA:19,3
DA:32,0
DA:36,0
DA:39,0
DA:41,0
DA:57,0
DA:62,0
DA:64,0
DA:66,0
DA:78,0
DA:80,0
DA:96,0
DA:100,0
DA:103,0
DA:105,0
DA:120,4
DA:122,4
DA:123,4
DA:126,4
DA:127,4
DA:128,4
DA:130,4
DA:132,4
DA:133,4
DA:135,4
DA:137,4
DA:139,4
DA:141,4
DA:144,4
DA:149,4
DA:151,4
DA:152,4
DA:153,4
DA:154,8
DA:160,4
DA:167,4
DA:169,4
DA:182,4
DA:184,6
DA:189,3
DA:190,0
DA:193,0
DA:198,6
DA:199,2
DA:202,2
DA:207,1
DA:209,1
DA:210,1
DA:213,1
DA:216,1
DA:219,1
DA:225,4
LF:52
LH:36
end_of_record
SF:lib/features/create_event/presentation/widgets/event_name_selector.dart
DA:17,1
DA:27,1
DA:29,1
DA:31,1
DA:32,1
DA:33,1
DA:35,1
DA:36,0
DA:37,1
DA:40,1
DA:42,1
DA:44,1
DA:45,1
DA:46,0
DA:59,1
DA:60,1
DA:61,0
DA:62,1
DA:67,1
DA:69,1
DA:70,1
DA:71,1
DA:74,1
DA:75,1
DA:76,1
DA:77,1
DA:79,1
DA:80,1
DA:81,2
DA:82,2
DA:105,2
DA:107,1
DA:109,1
DA:110,1
DA:111,2
DA:122,0
DA:123,0
DA:127,0
DA:128,0
DA:129,0
DA:130,0
DA:135,0
DA:136,0
DA:140,0
DA:141,0
DA:142,0
DA:153,0
DA:159,0
DA:161,0
DA:169,0
DA:171,0
DA:174,0
DA:175,0
DA:176,0
DA:177,0
DA:179,0
DA:182,0
DA:183,0
DA:184,0
DA:185,0
DA:191,0
DA:192,0
DA:195,0
DA:196,0
DA:197,0
DA:200,0
DA:201,0
DA:202,0
DA:207,0
DA:208,0
DA:211,0
DA:213,0
DA:214,0
DA:217,0
DA:219,0
DA:220,0
DA:221,0
DA:223,0
DA:225,0
DA:226,0
DA:235,0
DA:236,0
DA:240,0
DA:242,0
DA:244,0
DA:245,0
DA:247,0
DA:250,0
DA:251,0
DA:252,0
DA:254,0
DA:255,0
DA:257,0
DA:260,0
DA:261,0
DA:264,0
DA:265,0
DA:269,0
DA:270,0
DA:271,0
DA:272,0
DA:273,0
DA:274,0
DA:279,0
DA:280,0
DA:283,0
DA:285,0
DA:292,0
DA:293,0
DA:295,0
DA:296,0
DA:297,0
DA:303,0
DA:304,0
DA:307,0
DA:309,0
DA:311,0
LF:117
LH:32
end_of_record
SF:lib/features/create_event/presentation/widgets/date_time_section.dart
DA:21,1
DA:34,1
DA:36,1
DA:44,1
DA:46,1
DA:48,1
DA:49,1
DA:51,1
DA:53,1
DA:55,2
DA:62,1
DA:64,1
DA:65,1
DA:66,1
DA:67,1
DA:68,1
DA:74,1
DA:76,1
DA:77,1
DA:78,1
DA:79,1
DA:80,1
DA:84,2
DA:86,1
DA:89,1
DA:90,1
DA:91,2
DA:109,1
DA:118,1
DA:119,1
DA:126,1
DA:128,1
DA:129,1
DA:130,1
DA:132,1
DA:134,1
DA:136,1
DA:137,2
DA:138,2
DA:149,1
DA:150,2
DA:151,0
DA:152,0
DA:154,1
DA:155,0
DA:161,1
DA:162,2
DA:163,0
DA:164,0
DA:166,1
DA:167,0
DA:173,1
DA:175,0
DA:176,0
DA:177,0
DA:178,0
DA:179,0
DA:180,0
DA:181,0
DA:188,1
DA:190,0
DA:191,0
DA:192,0
DA:193,0
DA:201,0
DA:202,0
DA:203,0
DA:204,0
DA:205,0
DA:210,0
DA:211,0
DA:212,0
DA:213,0
DA:214,0
DA:226,1
DA:233,1
DA:235,1
DA:236,1
DA:237,1
DA:242,1
DA:244,1
DA:245,1
DA:246,0
DA:249,1
DA:252,1
DA:253,2
DA:255,1
DA:256,1
DA:257,1
DA:258,2
LF:90
LH:62
end_of_record
SF:lib/features/create_event/presentation/widgets/description_section.dart
DA:13,1
DA:20,1
DA:21,1
DA:27,1
DA:29,1
DA:30,4
DA:33,1
DA:35,1
DA:37,4
DA:38,0
DA:39,0
DA:43,1
DA:45,2
DA:46,1
DA:49,1
DA:51,1
DA:54,1
DA:56,1
DA:58,1
DA:60,1
DA:62,1
DA:64,2
DA:69,1
DA:70,1
DA:73,2
DA:74,0
DA:75,0
DA:76,0
DA:77,0
DA:79,2
DA:80,1
DA:82,2
DA:86,2
DA:87,1
DA:88,1
LF:35
LH:29
end_of_record
SF:lib/features/create_event/presentation/widgets/event_history_dialog.dart
DA:13,0
DA:20,0
DA:25,0
DA:28,0
DA:29,0
DA:36,0
DA:38,0
DA:39,0
DA:40,0
DA:42,0
DA:49,0
DA:51,0
DA:60,0
DA:63,0
DA:64,0
DA:65,0
DA:66,0
DA:67,0
DA:69,0
DA:70,0
DA:71,0
DA:83,0
DA:85,0
DA:87,0
DA:88,0
DA:89,0
DA:90,0
DA:92,0
DA:94,0
DA:96,0
DA:97,0
DA:99,0
DA:102,0
DA:103,0
DA:105,0
DA:106,0
DA:113,0
DA:114,0
DA:116,0
DA:117,0
DA:118,0
DA:119,0
DA:125,0
DA:126,0
DA:127,0
DA:128,0
DA:145,0
DA:146,0
DA:150,0
DA:151,0
DA:152,0
DA:153,0
DA:154,0
DA:158,0
DA:159,0
DA:162,0
DA:175,0
LF:57
LH:0
end_of_record
SF:lib/features/create_event/presentation/widgets/confirm_event_dialog.dart
DA:28,1
DA:41,1
DA:43,1
DA:51,1
DA:53,1
DA:55,3
DA:59,1
DA:61,1
DA:63,2
DA:64,1
DA:66,4
DA:71,2
DA:72,1
DA:73,3
DA:74,3
DA:75,3
DA:76,3
DA:77,3
DA:83,4
DA:84,1
DA:85,3
DA:86,3
DA:87,3
DA:88,3
DA:89,3
DA:94,4
DA:95,1
DA:96,3
DA:97,3
DA:98,3
DA:99,3
DA:100,3
DA:106,1
DA:108,2
DA:109,1
DA:114,1
DA:115,2
DA:119,1
DA:122,0
DA:123,0
DA:126,0
DA:128,0
DA:129,0
DA:130,0
DA:131,0
DA:132,0
DA:133,0
DA:134,0
DA:135,0
DA:136,0
DA:140,0
DA:144,0
DA:145,0
DA:147,0
DA:151,1
DA:152,2
DA:153,1
DA:155,1
DA:156,1
DA:157,2
DA:163,1
DA:165,1
DA:169,4
DA:170,1
DA:173,1
DA:175,1
DA:180,1
DA:182,1
DA:189,1
DA:191,1
DA:196,2
DA:198,0
DA:200,0
DA:205,1
DA:208,1
DA:210,1
DA:211,3
DA:212,1
DA:213,1
DA:214,1
DA:219,1
DA:220,1
DA:222,1
DA:224,1
DA:225,1
DA:227,1
DA:239,1
DA:241,2
DA:247,1
DA:249,2
DA:260,1
DA:261,1
DA:263,1
DA:264,1
DA:271,1
DA:272,1
DA:274,1
DA:275,1
DA:277,2
DA:280,1
DA:281,7
DA:282,2
DA:291,1
DA:292,1
DA:294,1
DA:295,1
DA:299,1
DA:302,1
DA:303,1
DA:305,1
DA:306,1
DA:308,2
DA:311,1
DA:313,2
DA:322,1
DA:325,2
DA:326,4
DA:329,2
DA:330,2
DA:331,4
DA:335,7
DA:336,5
DA:339,1
DA:342,1
DA:343,1
DA:344,4
DA:345,1
DA:346,4
DA:348,1
DA:350,1
DA:370,0
DA:374,1
DA:375,3
DA:376,3
DA:377,1
DA:380,1
DA:381,2
DA:386,3
DA:387,4
DA:388,3
DA:392,0
DA:393,0
LF:142
LH:121
end_of_record
SF:lib/features/create_event/presentation/widgets/exit_confirmation_dialog.dart
DA:12,0
DA:14,0
DA:16,0
DA:18,0
DA:19,0
DA:22,0
DA:24,0
DA:26,0
DA:28,0
DA:34,0
DA:36,0
DA:43,0
DA:44,0
DA:46,0
DA:47,0
DA:48,0
DA:49,0
DA:50,0
DA:52,0
DA:55,0
DA:56,0
DA:59,0
DA:61,0
DA:71,0
DA:72,0
DA:73,0
DA:74,0
DA:75,0
DA:77,0
DA:80,0
DA:81,0
DA:84,0
DA:86,0
LF:33
LH:0
end_of_record
SF:lib/services/draft_service.dart
DA:10,3
DA:11,2
DA:12,1
DA:15,0
DA:17,0
DA:18,0
DA:19,0
DA:26,1
DA:28,1
DA:29,0
DA:33,0
DA:34,0
DA:42,0
DA:44,0
DA:45,0
DA:52,0
DA:54,0
DA:55,0
LF:18
LH:5
end_of_record
SF:lib/features/event/presentation/providers/event_providers.dart
DA:33,9
DA:34,0
DA:41,4
DA:42,3
DA:45,4
DA:46,2
DA:51,2
DA:58,6
DA:59,0
DA:62,6
DA:63,0
DA:66,0
DA:67,0
DA:70,0
DA:71,0
DA:75,3
DA:76,0
DA:81,4
DA:82,3
DA:85,4
DA:86,3
DA:89,0
DA:90,0
DA:93,0
DA:94,0
DA:97,0
DA:98,0
DA:101,0
DA:102,0
DA:105,0
DA:108,0
DA:111,0
DA:112,0
DA:115,0
DA:116,0
DA:120,0
DA:121,0
DA:124,0
DA:125,0
DA:129,0
DA:130,0
DA:131,0
DA:132,0
DA:133,0
DA:141,0
DA:142,0
DA:144,0
DA:146,0
DA:149,0
DA:150,0
DA:153,0
DA:156,0
DA:157,0
DA:158,0
DA:159,0
DA:160,0
DA:163,0
DA:168,0
DA:169,0
DA:170,0
DA:171,0
DA:177,7
DA:181,2
DA:182,1
DA:186,10
DA:190,2
DA:191,1
DA:196,0
DA:197,0
DA:199,0
DA:200,0
DA:201,0
DA:202,0
DA:205,0
DA:206,0
DA:207,0
DA:208,0
DA:210,0
DA:211,0
DA:213,0
DA:214,0
DA:218,0
DA:220,0
DA:227,4
DA:228,2
DA:229,0
DA:231,0
DA:232,0
DA:233,0
DA:234,0
DA:235,0
DA:236,0
DA:238,0
DA:243,2
DA:244,2
DA:248,1
DA:250,2
DA:256,3
DA:260,0
DA:261,0
DA:265,2
DA:266,1
DA:267,0
DA:268,0
DA:273,2
DA:274,1
DA:275,0
DA:276,0
DA:280,2
DA:281,1
DA:282,0
DA:283,0
DA:284,0
DA:291,2
DA:292,1
DA:296,0
DA:297,0
DA:302,2
DA:303,1
DA:304,0
DA:305,0
DA:309,2
DA:310,1
DA:311,0
DA:312,0
DA:313,0
DA:325,1
DA:329,1
DA:330,1
DA:333,1
DA:334,1
DA:336,3
DA:338,3
DA:339,2
DA:341,0
DA:348,0
DA:351,0
DA:353,0
DA:356,0
DA:360,0
DA:366,0
DA:367,0
DA:370,0
DA:375,0
DA:379,0
DA:380,0
DA:381,0
DA:382,0
DA:387,0
DA:388,0
DA:389,0
DA:396,0
DA:398,0
DA:399,0
DA:405,0
DA:407,0
DA:409,0
DA:411,0
DA:413,0
DA:418,0
DA:421,0
DA:422,0
DA:424,0
DA:426,0
DA:427,0
DA:428,0
DA:430,0
DA:433,0
DA:434,0
DA:436,0
DA:438,0
DA:439,0
DA:440,0
DA:450,0
DA:460,0
DA:461,0
DA:464,0
DA:465,0
DA:473,0
DA:474,0
DA:475,0
DA:476,0
DA:482,0
DA:483,0
DA:486,0
DA:487,0
DA:493,0
DA:494,0
DA:497,0
DA:498,0
DA:504,0
DA:505,0
DA:506,0
DA:507,0
DA:516,0
DA:517,0
DA:519,0
DA:524,0
DA:526,0
DA:529,0
DA:531,0
DA:536,0
DA:537,0
DA:541,0
DA:542,0
DA:543,0
DA:549,0
DA:550,0
DA:551,0
DA:553,0
DA:555,0
DA:564,0
DA:565,0
DA:567,0
DA:568,0
DA:570,0
DA:572,0
DA:578,0
DA:579,0
DA:581,0
DA:582,0
DA:585,0
DA:594,0
DA:595,0
DA:602,0
DA:603,0
DA:608,0
DA:609,0
DA:613,0
DA:614,0
DA:619,0
DA:620,0
DA:629,0
DA:630,0
DA:631,0
DA:633,0
DA:635,0
DA:639,0
DA:644,0
DA:645,0
DA:647,0
DA:649,0
DA:650,0
DA:653,0
DA:654,0
DA:655,0
DA:656,0
DA:657,0
DA:660,0
DA:663,0
DA:674,0
DA:677,0
DA:679,0
DA:688,0
DA:690,0
DA:692,0
DA:704,0
DA:705,0
DA:710,0
DA:711,0
DA:712,0
DA:714,0
DA:716,0
DA:726,0
DA:729,0
DA:731,0
DA:732,0
DA:734,0
DA:736,0
DA:737,0
DA:739,0
DA:740,0
DA:745,0
DA:751,0
DA:758,0
DA:759,0
DA:760,0
DA:762,0
DA:764,0
DA:775,2
DA:776,2
DA:777,1
DA:779,2
DA:780,4
DA:781,4
DA:782,4
DA:783,4
DA:786,1
DA:787,1
DA:788,1
DA:789,1
DA:792,2
DA:794,2
DA:796,1
DA:807,2
DA:808,2
DA:809,1
DA:811,2
DA:812,4
DA:813,4
DA:814,4
DA:815,4
DA:818,1
DA:819,1
DA:820,1
DA:821,1
DA:823,2
DA:826,2
DA:829,2
DA:831,1
LF:310
LH:77
end_of_record
SF:lib/features/create_event/presentation/providers/event_history_provider.dart
DA:8,2
DA:9,2
DA:10,2
DA:11,1
DA:12,1
LF:5
LH:5
end_of_record
SF:lib/features/home/presentation/providers/home_event_providers.dart
DA:21,0
DA:22,0
DA:25,0
DA:26,0
DA:29,0
DA:30,0
DA:34,0
DA:35,0
DA:36,0
DA:40,0
DA:41,0
DA:44,0
DA:45,0
DA:48,0
DA:49,0
DA:52,0
DA:53,0
DA:54,0
DA:57,0
DA:58,0
DA:61,0
DA:62,0
DA:67,0
DA:68,0
DA:69,0
DA:70,0
DA:73,0
DA:74,0
DA:76,0
DA:77,0
DA:78,0
DA:81,0
DA:82,0
DA:86,0
DA:89,0
DA:90,0
DA:92,0
DA:93,0
DA:94,0
DA:97,0
DA:98,0
DA:102,0
DA:105,0
DA:106,0
DA:107,0
DA:108,0
DA:113,0
DA:114,0
DA:115,0
DA:116,0
DA:119,0
DA:120,0
DA:121,0
DA:122,0
DA:130,0
DA:131,0
DA:132,0
DA:133,0
DA:137,0
DA:138,0
DA:139,0
DA:154,1
DA:162,0
DA:169,0
DA:170,0
DA:171,0
DA:172,0
DA:173,0
DA:185,0
DA:186,0
DA:188,0
DA:189,0
DA:190,0
DA:193,0
DA:197,0
DA:199,0
DA:203,0
DA:207,0
DA:208,0
DA:209,0
DA:212,0
DA:214,0
DA:216,0
DA:217,0
DA:218,0
DA:222,0
DA:233,0
DA:234,0
DA:236,0
DA:237,0
DA:238,0
DA:241,0
DA:245,0
DA:247,0
DA:251,0
DA:255,0
DA:256,0
DA:257,0
DA:260,0
DA:262,0
DA:264,0
DA:265,0
DA:266,0
DA:270,0
DA:276,0
DA:277,0
DA:278,0
DA:279,0
DA:283,0
DA:284,0
DA:285,0
DA:286,0
DA:293,0
DA:294,0
DA:296,0
DA:297,0
DA:298,0
DA:299,0
LF:118
LH:1
end_of_record
SF:lib/services/analytics_service.dart
DA:13,6
DA:16,0
DA:25,0
DA:26,0
DA:33,1
DA:37,3
DA:38,2
DA:49,0
DA:53,0
DA:54,0
DA:59,0
DA:64,0
DA:65,0
DA:66,0
DA:67,0
DA:79,2
DA:83,6
DA:84,4
DA:86,2
DA:87,1
DA:96,0
DA:97,0
DA:98,0
DA:99,0
DA:104,0
DA:105,0
DA:106,0
DA:107,0
DA:117,0
DA:119,0
DA:124,0
DA:125,0
DA:127,0
DA:131,0
DA:140,0
DA:142,0
DA:145,0
DA:146,0
DA:147,0
LF:39
LH:9
end_of_record
SF:lib/features/create_event/presentation/widgets/emoji_selector_dialog.dart
DA:16,0
DA:22,0
DA:24,0
DA:39,0
DA:41,0
DA:44,0
DA:47,0
DA:51,0
DA:52,0
DA:53,0
DA:60,0
DA:61,0
DA:67,0
DA:68,0
DA:69,0
DA:75,0
DA:76,0
DA:77,0
DA:78,0
DA:79,0
DA:81,0
DA:86,0
DA:87,0
DA:89,0
DA:92,0
DA:93,0
DA:94,0
DA:97,0
DA:103,0
DA:108,0
DA:113,0
DA:118,0
DA:123,0
DA:128,0
DA:133,0
DA:138,0
DA:143,0
DA:148,0
DA:157,0
DA:159,0
DA:162,0
DA:165,0
DA:166,0
DA:170,0
DA:172,0
DA:173,0
DA:174,0
DA:177,0
DA:188,0
DA:198,0
DA:200,0
DA:208,0
DA:211,0
DA:213,0
DA:214,0
DA:216,0
DA:220,0
DA:221,0
DA:237,0
DA:238,0
DA:242,0
DA:245,0
DA:246,0
DA:248,0
DA:249,0
DA:250,0
DA:256,0
DA:257,0
DA:263,0
DA:264,0
DA:267,0
DA:268,0
DA:273,0
DA:281,0
DA:282,0
DA:283,0
DA:284,0
DA:285,0
DA:287,0
DA:288,0
DA:289,0
DA:290,0
DA:292,0
DA:301,0
DA:303,0
DA:304,0
DA:305,0
DA:306,0
DA:308,0
DA:309,0
DA:310,0
DA:311,0
DA:313,0
DA:315,0
DA:317,0
DA:323,0
DA:324,0
DA:352,0
LF:98
LH:0
end_of_record
SF:lib/shared/constants/event_emojis.dart
DA:7,0
LF:1
LH:0
end_of_record
SF:lib/shared/services/emoji_recents_service.dart
DA:12,0
DA:14,0
DA:15,0
DA:17,0
DA:19,0
DA:25,0
DA:33,0
DA:35,0
DA:36,0
DA:39,0
DA:42,0
DA:45,0
DA:46,0
DA:50,0
DA:57,0
DA:59,0
DA:60,0
DA:67,0
DA:68,0
DA:69,0
LF:20
LH:0
end_of_record
SF:lib/features/home/data/fakes/fake_home_event_repository.dart
DA:23,0
DA:25,0
DA:28,0
DA:31,0
DA:36,0
DA:37,0
DA:43,0
DA:45,0
DA:51,0
DA:53,0
DA:59,0
DA:61,0
DA:67,0
DA:69,0
DA:75,0
DA:77,0
DA:83,0
DA:85,0
DA:91,0
DA:95,0
DA:101,0
DA:103,0
DA:109,0
DA:122,0
DA:129,0
DA:138,0
DA:139,0
DA:140,0
DA:142,0
DA:143,0
DA:145,0
DA:147,0
DA:148,0
DA:150,0
DA:152,0
DA:153,0
DA:155,0
DA:157,0
DA:158,0
DA:164,0
DA:165,0
DA:168,0
DA:219,0
DA:221,0
DA:224,0
DA:231,0
DA:232,0
DA:233,0
DA:234,0
DA:243,0
DA:246,0
DA:249,0
DA:250,0
DA:253,0
DA:254,0
DA:260,0
DA:262,0
DA:268,0
DA:270,0
DA:276,0
DA:278,0
DA:284,0
DA:286,0
DA:292,0
DA:294,0
DA:300,0
DA:304,0
DA:305,0
DA:311,0
DA:313,0
DA:319,0
DA:321,0
DA:327,0
DA:329,0
DA:335,0
DA:337,0
DA:343,0
DA:347,0
DA:348,0
DA:352,0
DA:354,0
DA:358,0
DA:360,0
DA:361,0
DA:362,0
DA:364,0
DA:365,0
DA:366,0
DA:370,0
DA:374,0
DA:376,0
DA:380,0
DA:382,0
DA:383,0
DA:384,0
DA:386,0
DA:387,0
DA:388,0
DA:395,0
DA:398,0
DA:401,0
DA:402,0
DA:405,0
DA:406,0
DA:412,0
DA:414,0
DA:420,0
DA:422,0
DA:428,0
DA:432,0
DA:433,0
DA:439,0
DA:441,0
DA:447,0
DA:449,0
DA:455,0
DA:457,0
DA:463,0
DA:465,0
DA:471,0
DA:473,0
DA:479,0
DA:481,0
DA:487,0
DA:489,0
DA:495,0
DA:497,0
DA:503,0
DA:505,0
DA:511,0
DA:513,0
DA:519,0
DA:521,0
DA:527,0
DA:529,0
DA:535,0
DA:547,0
DA:548,0
DA:557,0
DA:559,0
DA:560,0
DA:561,0
DA:563,0
DA:564,0
DA:565,0
DA:569,0
DA:578,0
DA:580,0
DA:581,0
DA:582,0
DA:584,0
DA:585,0
DA:586,0
DA:593,0
DA:596,0
DA:599,0
DA:600,0
DA:605,0
DA:612,0
DA:614,0
DA:615,0
DA:617,0
DA:618,0
DA:621,0
DA:623,0
DA:624,0
DA:626,0
DA:627,0
DA:630,0
DA:635,0
DA:636,0
DA:637,0
DA:639,0
DA:641,0
DA:642,0
DA:645,0
DA:650,0
DA:651,0
DA:652,0
DA:654,0
DA:656,0
DA:657,0
LF:182
LH:0
end_of_record
SF:lib/features/home/domain/entities/home_event.dart
DA:24,0
DA:44,0
DA:45,0
DA:46,0
DA:47,0
DA:48,0
DA:51,0
DA:68,0
DA:69,0
DA:70,0
DA:71,0
DA:72,0
DA:73,0
DA:74,0
DA:75,0
DA:76,0
DA:77,0
DA:78,0
DA:79,0
DA:80,0
DA:81,0
DA:82,0
DA:83,0
LF:23
LH:0
end_of_record
SF:lib/features/home/data/fakes/fake_recent_memory_repository.dart
DA:6,0
DA:9,0
DA:11,0
DA:14,0
DA:15,0
DA:19,0
DA:22,0
DA:26,0
DA:29,0
DA:33,0
DA:36,0
DA:40,0
DA:43,0
DA:47,0
DA:53,0
LF:15
LH:0
end_of_record
SF:lib/features/home/domain/entities/recent_memory_entity.dart
DA:9,0
DA:18,0
DA:19,0
DA:34,0
DA:35,0
DA:37,0
DA:41,0
DA:42,0
DA:43,0
DA:45,0
DA:48,0
DA:55,0
DA:56,0
DA:57,0
DA:58,0
DA:59,0
DA:60,0
LF:17
LH:0
end_of_record
SF:lib/features/home/data/fakes/fake_todo_repository.dart
DA:8,0
DA:11,0
DA:14,0
DA:15,0
DA:18,0
DA:20,0
DA:21,0
DA:26,0
DA:28,0
DA:33,0
DA:35,0
DA:40,0
DA:42,0
DA:47,0
DA:52,0
DA:53,0
DA:54,0
DA:55,0
DA:56,0
LF:19
LH:0
end_of_record
SF:lib/features/home/domain/entities/todo_entity.dart
DA:10,0
DA:19,0
DA:20,0
DA:21,0
DA:22,0
DA:26,0
DA:27,0
DA:28,0
DA:32,0
DA:33,0
DA:35,0
DA:36,0
DA:38,0
DA:42,0
DA:43,0
DA:45,0
DA:46,0
DA:47,0
DA:48,0
LF:19
LH:0
end_of_record
SF:lib/features/home/domain/usecases/get_confirmed_events.dart
DA:8,0
DA:10,0
DA:11,0
LF:3
LH:0
end_of_record
SF:lib/features/home/domain/usecases/get_home_pending_events.dart
DA:8,0
DA:10,0
DA:11,0
LF:3
LH:0
end_of_record
SF:lib/features/home/domain/usecases/get_living_and_recap_events.dart
DA:8,0
DA:10,0
DA:11,0
LF:3
LH:0
end_of_record
SF:lib/features/home/domain/usecases/get_next_event.dart
DA:8,0
DA:10,0
DA:11,0
LF:3
LH:0
end_of_record
SF:lib/features/home/domain/usecases/get_recent_memories.dart
DA:8,0
DA:10,0
DA:11,0
LF:3
LH:0
end_of_record
SF:lib/features/home/domain/usecases/get_todos.dart
DA:8,0
DA:10,0
DA:11,0
LF:3
LH:0
end_of_record
SF:lib/features/memory/domain/usecases/update_memory_cover.dart
DA:7,1
DA:11,1
DA:12,2
LF:3
LH:3
end_of_record
SF:lib/features/event/presentation/providers/event_photo_providers.dart
DA:14,0
DA:17,0
DA:20,0
DA:25,0
DA:31,0
DA:43,0
DA:45,0
DA:48,0
DA:53,0
DA:58,0
DA:64,0
DA:70,0
DA:75,0
DA:78,0
DA:80,0
DA:81,0
DA:83,0
DA:87,0
DA:89,0
DA:94,0
DA:98,0
DA:99,0
DA:101,0
DA:106,0
DA:109,0
DA:111,0
DA:121,0
DA:125,0
DA:126,0
DA:130,0
DA:132,0
DA:137,0
DA:138,0
DA:141,0
DA:143,0
DA:149,0
DA:150,0
DA:155,0
DA:156,0
DA:161,0
DA:162,0
DA:163,0
DA:167,0
DA:168,0
DA:172,0
DA:173,0
DA:174,0
DA:175,0
DA:177,0
DA:181,2
DA:182,2
DA:183,2
DA:184,1
LF:53
LH:4
end_of_record
SF:lib/features/auth/presentation/pages/auth_page.dart
DA:16,3
DA:18,1
DA:19,1
DA:28,1
DA:30,1
DA:31,3
DA:32,3
DA:35,1
DA:37,2
DA:38,2
DA:39,1
DA:42,1
DA:43,2
DA:44,4
DA:45,3
DA:46,3
DA:50,1
DA:51,1
DA:53,3
DA:54,3
DA:57,4
DA:58,3
DA:60,1
DA:61,1
DA:63,0
DA:64,0
DA:66,0
DA:67,0
DA:68,0
DA:69,0
DA:75,0
DA:80,0
DA:81,0
DA:82,0
DA:83,0
DA:90,0
DA:91,0
DA:92,0
DA:93,0
DA:97,1
DA:101,0
DA:102,0
DA:103,0
DA:104,0
DA:108,1
DA:110,1
DA:115,1
DA:116,1
DA:118,1
DA:120,1
DA:123,1
DA:124,1
DA:125,1
DA:127,3
DA:128,1
DA:129,1
DA:133,1
DA:134,0
DA:135,0
LF:59
LH:38
end_of_record
SF:lib/features/auth/presentation/widgets/auth_form_widgets.dart
DA:19,1
DA:32,1
DA:34,1
DA:35,1
DA:70,2
DA:71,2
DA:72,2
DA:73,2
DA:74,1
DA:75,1
DA:76,1
DA:77,2
DA:78,1
DA:80,1
DA:81,2
LF:15
LH:15
end_of_record
SF:lib/features/auth/presentation/widgets/welcome_section.dart
DA:7,3
DA:9,1
DA:11,1
DA:13,1
DA:14,1
DA:16,2
DA:22,1
DA:24,2
LF:8
LH:8
end_of_record
SF:lib/features/auth/presentation/pages/verify_otp.dart
DA:17,0
DA:22,0
DA:24,0
DA:32,0
DA:33,0
DA:35,0
DA:36,0
DA:37,0
DA:42,0
DA:43,0
DA:44,0
DA:47,0
DA:49,0
DA:53,0
DA:54,0
DA:55,0
DA:56,0
DA:61,0
DA:62,0
DA:63,0
DA:68,0
DA:69,0
DA:70,0
DA:71,0
DA:76,0
DA:79,0
DA:81,0
DA:87,0
DA:88,0
DA:89,0
DA:91,0
DA:94,0
DA:96,0
DA:100,0
DA:102,0
DA:104,0
DA:106,0
DA:108,0
DA:111,0
DA:112,0
DA:114,0
DA:116,0
DA:119,0
DA:121,0
DA:122,0
DA:124,0
DA:126,0
DA:128,0
DA:130,0
DA:131,0
DA:134,0
DA:135,0
DA:145,0
DA:146,0
DA:147,0
DA:148,0
DA:150,0
DA:151,0
DA:152,0
DA:153,0
LF:60
LH:0
end_of_record
SF:lib/features/auth/presentation/pages/login/login_page.dart
DA:14,3
DA:16,0
DA:17,0
DA:25,0
DA:27,0
DA:28,0
DA:31,0
DA:33,0
DA:34,0
DA:37,0
DA:38,0
DA:39,0
DA:40,0
DA:44,0
DA:45,0
DA:47,0
DA:48,0
DA:51,0
DA:54,0
DA:56,0
DA:59,0
DA:62,0
DA:66,0
DA:69,0
DA:70,0
DA:71,0
DA:74,0
DA:76,0
DA:77,0
DA:78,0
DA:81,0
DA:82,0
DA:87,0
DA:88,0
DA:91,0
DA:93,0
DA:98,0
DA:99,0
DA:101,0
DA:103,0
DA:104,0
DA:106,0
DA:112,0
DA:113,0
DA:115,0
DA:116,0
DA:117,0
LF:47
LH:1
end_of_record
SF:lib/features/auth/presentation/widgets/login_form.dart
DA:18,0
DA:31,0
DA:33,0
DA:34,0
DA:69,0
DA:70,0
DA:71,0
DA:72,0
DA:73,0
DA:74,0
DA:75,0
DA:77,0
DA:78,0
LF:13
LH:0
end_of_record
SF:lib/features/auth/presentation/widgets/otp_verification/otp_title.dart
DA:6,3
DA:8,0
DA:10,0
DA:12,0
LF:4
LH:1
end_of_record
SF:lib/features/auth/presentation/widgets/otp_verification/otp_subtitle.dart
DA:8,0
DA:10,0
DA:12,0
DA:13,0
DA:14,0
DA:15,0
DA:17,0
DA:21,0
DA:22,0
DA:23,0
LF:10
LH:0
end_of_record
SF:lib/features/auth/presentation/widgets/otp_verification/otp_boxes.dart
DA:7,0
DA:18,0
DA:19,0
DA:26,0
DA:28,0
DA:29,0
DA:30,0
DA:33,0
DA:34,0
DA:37,0
DA:38,0
DA:40,0
DA:44,0
DA:46,0
DA:48,0
DA:49,0
DA:50,0
DA:51,0
DA:53,0
DA:55,0
DA:57,0
DA:58,0
DA:59,0
DA:60,0
DA:62,0
DA:63,0
DA:66,0
DA:76,0
DA:77,0
DA:79,0
DA:80,0
DA:81,0
DA:85,0
DA:90,0
DA:91,0
DA:92,0
DA:94,0
DA:105,0
DA:113,0
DA:115,0
DA:117,0
DA:118,0
DA:120,0
DA:122,0
DA:128,0
DA:129,0
LF:46
LH:0
end_of_record
SF:lib/features/auth/presentation/widgets/otp_verification/verify_footer.dart
DA:8,0
DA:10,0
DA:12,0
DA:14,0
LF:4
LH:0
end_of_record
SF:lib/features/auth/presentation/widgets/otp_verification/resend_otp_button.dart
DA:9,0
DA:11,0
DA:12,0
DA:20,0
DA:22,0
DA:23,0
DA:26,0
DA:27,0
DA:28,0
DA:29,0
DA:30,0
DA:31,0
DA:33,0
DA:34,0
DA:35,0
DA:37,0
DA:38,0
DA:41,0
DA:45,0
DA:46,0
DA:47,0
DA:48,0
DA:52,0
DA:56,0
DA:58,0
DA:64,0
DA:65,0
DA:68,0
DA:69,0
DA:70,0
DA:71,0
DA:76,0
DA:77,0
DA:78,0
DA:79,0
DA:80,0
DA:81,0
DA:83,0
DA:84,0
LF:39
LH:0
end_of_record
SF:lib/features/auth/presentation/utils/auth_analytics.dart
DA:9,0
DA:13,0
DA:14,0
DA:15,0
DA:16,0
DA:17,0
DA:18,0
DA:19,0
DA:23,0
DA:25,0
LF:10
LH:0
end_of_record
SF:lib/shared/components/buttons/green_button.dart
DA:12,1
DA:20,1
DA:21,1
DA:26,2
DA:30,2
DA:33,3
DA:35,1
DA:37,2
DA:38,1
DA:41,0
DA:42,0
DA:43,0
DA:46,1
DA:48,1
DA:49,0
DA:50,0
DA:51,1
DA:52,1
DA:53,1
DA:55,1
DA:56,4
DA:57,1
DA:58,2
DA:67,1
DA:68,1
DA:71,2
DA:77,1
DA:78,2
DA:80,2
DA:82,2
LF:30
LH:25
end_of_record
SF:lib/features/auth/presentation/widgets/email_input.dart
DA:7,1
DA:9,1
DA:11,1
DA:14,1
LF:4
LH:4
end_of_record
SF:lib/features/auth/presentation/widgets/name_input.dart
DA:7,1
DA:9,1
DA:11,1
DA:14,1
LF:4
LH:4
end_of_record
SF:lib/features/auth/presentation/widgets/login_prompt.dart
DA:10,1
DA:17,1
DA:19,1
DA:21,1
DA:22,1
DA:23,1
DA:24,2
DA:26,1
DA:27,1
DA:28,1
DA:29,1
DA:30,2
LF:12
LH:12
end_of_record
SF:lib/shared/components/inputs/input_box.dart
DA:14,1
DA:24,1
DA:26,1
DA:28,1
DA:29,3
DA:31,1
DA:40,1
DA:41,1
DA:42,1
DA:43,1
DA:44,1
DA:45,2
DA:46,1
DA:47,1
DA:48,2
LF:15
LH:15
end_of_record
SF:lib/features/auth/presentation/widgets/signup_prompt.dart
DA:10,0
DA:17,0
DA:19,0
DA:21,0
DA:22,0
DA:23,0
DA:24,0
DA:26,0
DA:27,0
DA:28,0
DA:29,0
DA:30,0
LF:12
LH:0
end_of_record
SF:lib/features/auth/data/datasources/users_remote_datasource.dart
DA:6,0
DA:8,0
DA:9,0
DA:10,0
DA:13,0
DA:18,0
DA:19,0
DA:20,0
DA:21,0
DA:22,0
DA:23,0
DA:25,0
DA:26,0
DA:30,0
DA:31,0
DA:32,0
DA:34,0
DA:35,0
DA:38,0
DA:39,0
DA:40,0
DA:44,0
DA:49,0
DA:50,0
DA:53,0
DA:54,0
DA:55,0
DA:56,0
LF:28
LH:0
end_of_record
SF:lib/features/auth/data/repositories/users_repository.dart
DA:6,0
DA:8,0
DA:9,0
DA:10,0
LF:4
LH:0
end_of_record
SF:lib/features/auth/presentation/pages/authenticated_page.dart
DA:11,3
DA:18,0
DA:20,0
DA:22,0
DA:27,0
DA:28,0
DA:29,0
DA:35,0
DA:37,0
DA:39,0
DA:41,0
DA:42,0
DA:43,0
DA:46,0
LF:14
LH:1
end_of_record
SF:lib/features/auth/presentation/widgets/authenticated_user/features_auth_list.dart
DA:5,3
DA:7,0
DA:9,0
DA:52,3
DA:63,0
DA:87,0
DA:89,0
DA:90,0
DA:91,0
DA:93,0
DA:94,0
DA:96,0
DA:98,0
DA:108,0
DA:111,0
DA:113,0
DA:116,0
DA:117,0
DA:119,0
DA:120,0
DA:131,0
DA:137,0
DA:138,0
DA:141,0
DA:142,0
DA:143,0
DA:154,0
DA:155,0
LF:28
LH:2
end_of_record
SF:lib/features/auth/presentation/widgets/authenticated_user/authenticated_header.dart
DA:7,3
DA:25,0
DA:27,0
DA:30,0
DA:33,0
DA:35,0
DA:38,0
DA:39,0
DA:40,0
DA:41,0
DA:42,0
DA:47,0
DA:55,0
DA:62,0
DA:64,0
DA:65,0
DA:66,0
DA:67,0
DA:69,0
DA:72,0
DA:73,0
DA:75,0
DA:78,0
DA:80,0
DA:83,0
LF:25
LH:1
end_of_record
SF:lib/features/auth/presentation/widgets/authenticated_user/authenticated_footer.dart
DA:4,0
DA:15,0
DA:17,0
DA:20,0
DA:23,0
DA:25,0
DA:26,0
DA:27,0
DA:31,0
DA:33,0
DA:34,0
DA:37,0
DA:38,0
DA:40,0
DA:41,0
DA:58,0
DA:60,0
DA:61,0
LF:18
LH:0
end_of_record
SF:lib/routes/app_router.dart
DA:72,0
DA:73,0
DA:74,0
DA:75,0
DA:76,0
DA:77,0
DA:79,0
DA:81,0
DA:82,0
DA:83,0
DA:85,0
DA:86,0
DA:89,0
DA:90,0
DA:96,0
DA:98,0
DA:99,0
DA:101,0
DA:102,0
DA:104,0
DA:105,0
DA:107,0
DA:108,0
DA:110,0
DA:112,0
DA:113,0
DA:114,0
DA:116,0
DA:119,0
DA:121,0
DA:122,0
DA:124,0
DA:126,0
DA:127,0
DA:129,0
DA:131,0
DA:132,0
DA:134,0
DA:136,0
DA:137,0
DA:138,0
DA:139,0
DA:142,0
DA:144,0
DA:145,0
DA:146,0
DA:147,0
DA:150,0
DA:152,0
DA:153,0
DA:154,0
DA:155,0
DA:158,0
DA:160,0
DA:161,0
DA:162,0
DA:165,0
DA:167,0
DA:168,0
DA:169,0
DA:172,0
DA:174,0
DA:175,0
DA:176,0
DA:180,0
DA:181,0
DA:183,0
DA:184,0
DA:186,0
DA:188,0
DA:189,0
DA:190,0
DA:191,0
DA:194,0
DA:195,0
DA:196,0
DA:197,0
DA:198,0
LF:78
LH:0
end_of_record
SF:lib/features/auth/presentation/pages/finish_setup.dart
DA:18,3
DA:20,0
DA:21,0
DA:44,0
DA:46,0
DA:47,0
DA:49,0
DA:54,0
DA:55,0
DA:56,0
DA:57,0
DA:61,0
DA:62,0
DA:63,0
DA:64,0
DA:65,0
DA:67,0
DA:71,0
DA:72,0
DA:73,0
DA:74,0
DA:75,0
DA:80,0
DA:81,0
DA:83,0
DA:84,0
DA:85,0
DA:86,0
DA:87,0
DA:88,0
DA:89,0
DA:90,0
DA:91,0
DA:97,0
DA:98,0
DA:108,0
DA:114,0
DA:115,0
DA:116,0
DA:117,0
DA:122,0
DA:123,0
DA:124,0
DA:125,0
DA:131,0
DA:132,0
DA:133,0
DA:136,0
DA:138,0
DA:143,0
DA:146,0
DA:147,0
DA:148,0
DA:152,0
DA:154,0
DA:155,0
DA:160,0
DA:162,0
DA:164,0
DA:174,0
DA:175,0
DA:177,0
DA:179,0
DA:180,0
DA:183,0
DA:184,0
DA:185,0
DA:186,0
DA:189,0
DA:190,0
DA:191,0
DA:194,0
DA:198,0
DA:199,0
DA:200,0
DA:201,0
DA:202,0
DA:205,0
DA:206,0
DA:207,0
DA:208,0
DA:209,0
DA:210,0
DA:211,0
DA:213,0
DA:217,0
DA:218,0
DA:219,0
DA:220,0
DA:221,0
DA:222,0
DA:223,0
DA:225,0
DA:229,0
DA:230,0
DA:231,0
DA:232,0
DA:233,0
DA:234,0
DA:235,0
DA:237,0
DA:245,0
DA:247,0
DA:249,0
LF:104
LH:1
end_of_record
SF:lib/features/auth/presentation/widgets/finish_auth/body.dart
DA:12,0
DA:126,0
DA:128,0
DA:129,0
DA:131,0
DA:132,0
DA:134,0
DA:135,0
DA:139,0
DA:140,0
DA:142,0
DA:143,0
DA:145,0
DA:146,0
DA:149,0
DA:152,0
DA:154,0
DA:156,0
DA:158,0
DA:160,0
DA:161,0
DA:162,0
DA:163,0
DA:166,0
DA:168,0
DA:200,0
DA:202,0
DA:203,0
DA:211,0
DA:214,0
DA:215,0
DA:216,0
DA:217,0
DA:218,0
DA:223,0
DA:226,0
DA:227,0
DA:228,0
DA:229,0
DA:230,0
DA:235,0
DA:236,0
DA:237,0
DA:238,0
DA:239,0
DA:240,0
DA:244,0
DA:246,0
DA:247,0
DA:276,0
DA:280,0
DA:281,0
DA:282,0
DA:283,0
DA:289,0
DA:293,0
DA:294,0
DA:295,0
DA:296,0
DA:302,0
DA:306,0
DA:307,0
DA:308,0
DA:309,0
LF:64
LH:0
end_of_record
SF:lib/features/auth/presentation/widgets/finish_auth/complete_setup.dart
DA:4,0
DA:15,0
DA:17,0
DA:19,0
DA:22,0
DA:24,0
DA:25,0
DA:26,0
DA:27,0
DA:28,0
DA:30,0
DA:31,0
DA:33,0
LF:13
LH:0
end_of_record
SF:lib/features/auth/presentation/providers/users_repository_provider.dart
DA:5,0
DA:6,0
LF:2
LH:0
end_of_record
SF:lib/features/auth/presentation/pages/login/login_otp_verification.dart
DA:22,0
DA:26,0
DA:28,0
DA:37,0
DA:38,0
DA:41,0
DA:42,0
DA:44,0
DA:48,0
DA:49,0
DA:50,0
DA:54,0
DA:55,0
DA:56,0
DA:61,0
DA:62,0
DA:63,0
DA:66,0
DA:70,0
DA:73,0
DA:75,0
DA:81,0
DA:84,0
DA:86,0
DA:89,0
DA:90,0
DA:91,0
DA:92,0
DA:97,0
DA:99,0
DA:101,0
DA:103,0
DA:105,0
DA:108,0
DA:109,0
DA:111,0
DA:113,0
DA:116,0
DA:118,0
DA:119,0
DA:121,0
DA:123,0
DA:125,0
DA:127,0
DA:128,0
DA:131,0
DA:132,0
DA:142,0
DA:143,0
DA:144,0
DA:145,0
DA:147,0
DA:148,0
DA:149,0
DA:150,0
LF:55
LH:0
end_of_record
SF:lib/features/profile/presentation/providers/profile_providers.dart
DA:12,0
DA:13,0
DA:17,0
DA:18,0
DA:22,0
DA:23,0
DA:27,0
DA:28,0
DA:32,0
DA:33,0
DA:34,0
DA:39,0
DA:40,0
DA:47,0
DA:50,0
DA:54,0
DA:55,0
DA:59,0
LF:18
LH:0
end_of_record
SF:lib/features/auth/presentation/pages/reviewer_auth_page.dart
DA:13,3
DA:15,0
DA:16,0
DA:26,0
DA:28,0
DA:29,0
DA:30,0
DA:33,0
DA:35,0
DA:36,0
DA:37,0
DA:40,0
DA:41,0
DA:42,0
DA:43,0
DA:44,0
DA:48,0
DA:49,0
DA:51,0
DA:53,0
DA:54,0
DA:58,0
DA:63,0
DA:64,0
DA:69,0
DA:77,0
DA:80,0
DA:81,0
DA:82,0
DA:83,0
DA:84,0
DA:85,0
DA:88,0
DA:89,0
DA:90,0
DA:94,0
DA:95,0
DA:100,0
DA:102,0
DA:104,0
DA:106,0
DA:108,0
DA:111,0
DA:112,0
DA:114,0
DA:116,0
DA:118,0
DA:120,0
DA:125,0
DA:127,0
DA:134,0
DA:136,0
DA:141,0
DA:142,0
DA:146,0
DA:151,0
DA:152,0
DA:164,0
DA:166,0
DA:171,0
DA:172,0
DA:173,0
DA:176,0
DA:181,0
DA:182,0
DA:189,0
DA:190,0
DA:191,0
DA:196,0
DA:197,0
DA:205,0
DA:208,0
DA:209,0
DA:210,0
DA:212,0
DA:214,0
DA:215,0
DA:219,0
LF:78
LH:1
end_of_record
SF:lib/features/auth/presentation/widgets/common/info_tile.dart
DA:8,0
DA:23,0
DA:25,0
DA:26,0
DA:47,0
DA:48,0
DA:49,0
DA:53,0
DA:54,0
DA:55,0
DA:56,0
DA:66,0
DA:67,0
DA:68,0
DA:70,0
DA:71,0
DA:72,0
DA:73,0
DA:74,0
DA:75,0
DA:76,0
DA:77,0
DA:81,0
DA:83,0
DA:84,0
DA:86,0
DA:87,0
DA:99,0
DA:100,0
LF:29
LH:0
end_of_record
SF:lib/features/auth/presentation/widgets/common/link_tile.dart
DA:9,0
DA:32,0
DA:33,0
DA:39,0
DA:41,0
DA:42,0
DA:43,0
DA:47,0
DA:49,0
DA:51,0
DA:52,0
DA:53,0
DA:54,0
DA:59,0
DA:61,0
DA:62,0
DA:65,0
DA:66,0
DA:67,0
DA:71,0
DA:72,0
DA:73,0
DA:74,0
DA:76,0
DA:82,0
DA:85,0
DA:86,0
DA:87,0
DA:88,0
DA:92,0
DA:94,0
DA:95,0
DA:105,0
DA:106,0
DA:107,0
DA:109,0
DA:110,0
DA:120,0
DA:122,0
DA:123,0
DA:136,0
DA:137,0
DA:151,0
DA:154,0
DA:156,0
DA:165,0
DA:167,0
DA:169,0
DA:170,0
DA:171,0
DA:173,0
DA:174,0
DA:184,0
DA:189,0
DA:192,0
DA:197,0
DA:198,0
DA:199,0
DA:201,0
DA:204,0
DA:213,0
DA:214,0
DA:218,0
DA:219,0
DA:227,0
DA:228,0
LF:66
LH:0
end_of_record
SF:lib/features/auth/presentation/widgets/common/pill_button.dart
DA:5,0
DA:19,0
DA:21,0
DA:22,0
DA:23,0
DA:24,0
DA:25,0
DA:26,0
DA:27,0
DA:29,0
DA:30,0
DA:31,0
DA:33,0
DA:34,0
DA:35,0
DA:36,0
LF:16
LH:0
end_of_record
SF:lib/features/auth/presentation/widgets/common/notify_row.dart
DA:5,0
DA:16,0
DA:18,0
DA:19,0
DA:20,0
DA:22,0
DA:23,0
DA:26,0
DA:27,0
DA:28,0
DA:29,0
DA:30,0
DA:33,0
DA:38,0
DA:40,0
DA:41,0
LF:16
LH:0
end_of_record
SF:lib/features/auth/presentation/widgets/editor_tiles/editable_birthdate_tile.dart
DA:9,0
DA:24,0
DA:25,0
DA:31,0
DA:33,0
DA:34,0
DA:37,0
DA:39,0
DA:40,0
DA:41,0
DA:45,0
DA:47,0
DA:48,0
DA:51,0
DA:54,0
DA:56,0
DA:65,0
DA:66,0
DA:68,0
DA:70,0
DA:71,0
DA:92,0
DA:97,0
DA:100,0
DA:105,0
DA:106,0
DA:107,0
DA:113,0
DA:114,0
DA:115,0
DA:117,0
DA:118,0
DA:121,0
DA:123,0
DA:124,0
DA:134,0
DA:136,0
DA:140,0
DA:142,0
DA:144,0
DA:145,0
DA:146,0
DA:157,0
DA:158,0
DA:159,0
DA:160,0
DA:162,0
DA:163,0
DA:180,0
DA:182,0
DA:196,0
DA:197,0
LF:52
LH:0
end_of_record
SF:lib/shared/utils/formatters.dart
DA:2,0
DA:3,0
DA:4,0
DA:5,0
LF:4
LH:0
end_of_record
SF:lib/features/auth/presentation/widgets/editor_tiles/editable_text_tile.dart
DA:8,0
DA:30,0
DA:31,0
DA:37,0
DA:39,0
DA:40,0
DA:43,0
DA:45,0
DA:46,0
DA:47,0
DA:48,0
DA:49,0
DA:54,0
DA:56,0
DA:57,0
DA:60,0
DA:62,0
DA:64,0
DA:67,0
DA:69,0
DA:78,0
DA:79,0
DA:81,0
DA:83,0
DA:84,0
DA:85,0
DA:86,0
DA:87,0
DA:88,0
DA:97,0
DA:107,0
DA:112,0
DA:115,0
DA:120,0
DA:121,0
DA:122,0
DA:128,0
DA:129,0
DA:131,0
DA:136,0
DA:137,0
DA:145,0
DA:146,0
DA:153,0
DA:154,0
DA:155,0
DA:156,0
DA:158,0
DA:159,0
DA:160,0
DA:161,0
DA:170,0
DA:174,0
DA:175,0
DA:177,0
DA:190,0
DA:191,0
DA:192,0
LF:58
LH:0
end_of_record
SF:lib/features/auth/presentation/widgets/email_info_card.dart
DA:11,0
DA:13,0
DA:15,0
DA:17,0
DA:23,0
DA:25,0
DA:26,0
DA:29,0
DA:31,0
DA:33,0
DA:35,0
DA:43,0
DA:44,0
DA:45,0
LF:14
LH:0
end_of_record
SF:lib/features/calendar/data/fakes/fake_calendar_repository.dart
DA:6,0
DA:9,0
DA:12,0
DA:14,0
DA:15,0
DA:16,0
DA:17,0
DA:18,0
DA:21,0
DA:23,0
DA:25,0
DA:26,0
DA:30,0
DA:31,0
DA:32,0
DA:33,0
DA:34,0
DA:35,0
DA:38,0
DA:39,0
DA:40,0
DA:41,0
DA:45,0
DA:50,0
DA:54,0
DA:59,0
DA:63,0
DA:68,0
DA:72,0
DA:77,0
DA:81,0
DA:87,0
DA:91,0
DA:98,0
DA:102,0
DA:108,0
DA:112,0
DA:118,0
DA:122,0
LF:39
LH:0
end_of_record
SF:lib/features/calendar/domain/entities/calendar_event_entity.dart
DA:14,0
DA:27,0
DA:30,0
DA:31,0
DA:32,0
LF:5
LH:0
end_of_record
SF:lib/features/calendar/domain/usecases/get_all_upcoming_events.dart
DA:8,0
DA:10,0
DA:11,0
LF:3
LH:0
end_of_record
SF:lib/features/calendar/domain/usecases/get_events_for_month.dart
DA:8,0
DA:10,0
DA:11,0
LF:3
LH:0
end_of_record
SF:lib/features/calendar/presentation/pages/calendar_page.dart
DA:18,3
DA:20,0
DA:21,0
DA:51,0
DA:53,0
DA:54,0
DA:55,0
DA:56,0
DA:58,0
DA:59,0
DA:63,0
DA:65,0
DA:66,0
DA:69,0
DA:70,0
DA:71,0
DA:72,0
DA:75,0
DA:76,0
DA:77,0
DA:80,0
DA:81,0
DA:84,0
DA:85,0
DA:86,0
DA:88,0
DA:96,0
DA:97,0
DA:98,0
DA:99,0
DA:107,0
DA:108,0
DA:109,0
DA:110,0
DA:111,0
DA:114,0
DA:115,0
DA:117,0
DA:118,0
DA:119,0
DA:120,0
DA:121,0
DA:122,0
DA:126,0
DA:127,0
DA:130,0
DA:132,0
DA:133,0
DA:137,0
DA:138,0
DA:139,0
DA:140,0
DA:141,0
DA:142,0
DA:143,0
DA:144,0
DA:149,0
DA:150,0
DA:154,0
DA:157,0
DA:158,0
DA:159,0
DA:160,0
DA:161,0
DA:162,0
DA:163,0
DA:164,0
DA:166,0
DA:168,0
DA:169,0
DA:170,0
DA:171,0
DA:178,0
DA:179,0
DA:181,0
DA:182,0
DA:183,0
DA:184,0
DA:186,0
DA:187,0
DA:189,0
DA:191,0
DA:192,0
DA:193,0
DA:194,0
DA:195,0
DA:196,0
DA:197,0
DA:198,0
DA:200,0
DA:201,0
DA:202,0
DA:205,0
DA:206,0
DA:207,0
DA:214,0
DA:218,0
DA:220,0
DA:230,0
DA:231,0
DA:232,0
DA:233,0
DA:234,0
DA:235,0
DA:254,0
DA:260,0
DA:263,0
DA:264,0
DA:265,0
DA:266,0
DA:267,0
DA:268,0
DA:274,0
DA:276,0
DA:278,0
DA:279,0
DA:280,0
DA:283,0
DA:284,0
DA:285,0
DA:286,0
DA:287,0
DA:288,0
DA:289,0
DA:291,0
DA:294,0
DA:295,0
DA:298,0
DA:301,0
DA:303,0
LF:130
LH:1
end_of_record
SF:lib/shared/components/skeletons/calendar_list_skeleton.dart
DA:8,3
DA:10,0
DA:12,0
DA:18,0
DA:20,0
DA:23,0
DA:26,0
DA:31,0
DA:32,0
DA:34,0
DA:41,0
DA:43,0
DA:52,3
DA:54,0
DA:56,0
DA:57,0
DA:59,0
DA:61,0
LF:18
LH:2
end_of_record
SF:lib/features/calendar/presentation/providers/calendar_providers.dart
DA:9,0
DA:10,0
DA:14,0
DA:15,0
DA:18,0
DA:19,0
DA:23,0
DA:24,0
DA:25,0
DA:29,0
DA:30,0
DA:35,0
DA:36,0
DA:37,0
DA:38,0
DA:39,0
DA:43,0
DA:44,0
DA:45,0
DA:46,0
DA:47,0
DA:48,0
DA:49,0
DA:54,0
DA:55,0
DA:56,0
DA:57,0
DA:61,0
DA:62,0
DA:63,0
DA:64,0
DA:65,0
DA:66,0
DA:72,0
DA:73,0
DA:74,0
DA:75,0
DA:76,0
DA:77,0
DA:78,0
DA:79,0
DA:80,0
DA:81,0
DA:82,0
DA:87,0
DA:92,0
DA:93,0
DA:94,0
DA:95,0
DA:96,0
DA:97,0
DA:98,0
DA:100,0
DA:101,0
DA:102,0
DA:103,0
DA:104,0
DA:105,0
DA:107,0
LF:59
LH:0
end_of_record
SF:lib/features/calendar/presentation/widgets/calendar_header.dart
DA:18,0
DA:26,0
DA:28,0
DA:33,0
DA:35,0
DA:36,0
DA:37,0
DA:38,0
DA:43,0
DA:44,0
DA:45,0
DA:46,0
DA:60,0
DA:66,0
DA:68,0
DA:70,0
DA:72,0
DA:74,0
DA:76,0
DA:77,0
DA:79,0
DA:80,0
DA:82,0
DA:84,0
DA:85,0
DA:92,0
DA:97,0
DA:99,0
DA:103,0
DA:104,0
DA:105,0
DA:107,0
LF:32
LH:0
end_of_record
SF:lib/features/calendar/presentation/widgets/calendar_grid.dart
DA:21,0
DA:32,0
DA:34,0
DA:35,0
DA:36,0
DA:38,0
DA:43,0
DA:44,0
DA:45,0
DA:46,0
DA:47,0
DA:48,0
DA:49,0
DA:50,0
DA:61,0
DA:63,0
DA:65,0
DA:68,0
DA:69,0
DA:71,0
DA:72,0
DA:74,0
DA:81,0
DA:86,0
DA:87,0
DA:88,0
DA:89,0
DA:91,0
DA:92,0
DA:93,0
DA:94,0
DA:95,0
DA:96,0
DA:97,0
DA:98,0
DA:99,0
DA:100,0
DA:101,0
DA:103,0
DA:104,0
DA:107,0
DA:108,0
DA:111,0
DA:112,0
DA:113,0
DA:115,0
DA:116,0
DA:119,0
DA:120,0
DA:121,0
DA:122,0
DA:126,0
DA:127,0
DA:128,0
DA:130,0
DA:136,0
DA:141,0
DA:142,0
DA:143,0
DA:145,0
DA:146,0
DA:148,0
DA:156,0
DA:172,0
DA:184,0
DA:185,0
DA:189,0
DA:191,0
DA:192,0
DA:194,0
DA:195,0
DA:199,0
DA:202,0
DA:203,0
DA:205,0
DA:206,0
DA:208,0
DA:209,0
DA:211,0
DA:212,0
DA:218,0
DA:220,0
DA:222,0
DA:223,0
DA:224,0
DA:225,0
DA:227,0
DA:228,0
DA:229,0
DA:232,0
DA:233,0
DA:234,0
DA:235,0
DA:238,0
DA:240,0
DA:242,0
DA:243,0
DA:250,0
DA:251,0
DA:254,0
DA:256,0
DA:257,0
DA:260,0
DA:261,0
DA:262,0
DA:263,0
DA:264,0
DA:266,0
DA:269,0
DA:277,0
DA:278,0
DA:279,0
DA:281,0
DA:282,0
DA:283,0
DA:289,0
DA:292,0
DA:295,0
DA:296,0
DA:298,0
DA:299,0
DA:303,0
DA:305,0
DA:306,0
DA:316,0
DA:317,0
DA:318,0
DA:319,0
DA:324,0
LF:129
LH:0
end_of_record
SF:lib/features/calendar/presentation/widgets/calendar_list_view.dart
DA:22,3
DA:40,0
DA:45,0
DA:46,0
DA:64,0
DA:66,0
DA:67,0
DA:68,0
DA:69,0
DA:70,0
DA:72,0
DA:76,0
DA:78,0
DA:79,0
DA:80,0
DA:84,0
DA:86,0
DA:87,0
DA:88,0
DA:96,0
DA:98,0
DA:99,0
DA:100,0
DA:101,0
DA:102,0
DA:103,0
DA:106,0
DA:107,0
DA:108,0
DA:111,0
DA:112,0
DA:115,0
DA:116,0
DA:117,0
DA:121,0
DA:123,0
DA:124,0
DA:125,0
DA:126,0
DA:127,0
DA:129,0
DA:130,0
DA:131,0
DA:133,0
DA:134,0
DA:135,0
DA:140,0
DA:141,0
DA:142,0
DA:151,0
DA:152,0
DA:153,0
DA:154,0
DA:158,0
DA:159,0
DA:160,0
DA:166,0
DA:167,0
DA:171,0
DA:172,0
DA:173,0
DA:178,0
DA:179,0
DA:183,0
DA:184,0
DA:186,0
DA:189,0
DA:191,0
DA:194,0
DA:197,0
DA:198,0
DA:203,0
DA:205,0
DA:206,0
DA:214,0
DA:215,0
DA:216,0
DA:217,0
DA:218,0
DA:244,0
DA:245,0
DA:247,0
DA:248,0
DA:249,0
DA:252,0
DA:253,0
DA:254,0
DA:255,0
DA:257,0
DA:258,0
DA:259,0
DA:260,0
DA:262,0
DA:264,0
DA:265,0
DA:266,0
DA:268,0
DA:284,0
DA:287,0
DA:288,0
DA:303,0
DA:306,0
DA:308,0
DA:310,0
DA:312,0
DA:314,0
DA:316,0
DA:321,0
DA:322,0
DA:328,0
DA:329,0
DA:331,0
DA:332,0
DA:333,0
DA:338,0
DA:339,0
DA:340,0
DA:342,0
DA:343,0
DA:344,0
DA:345,0
DA:346,0
DA:347,0
DA:348,0
DA:350,0
DA:351,0
DA:359,0
DA:360,0
DA:362,0
DA:364,0
DA:365,0
DA:366,0
DA:367,0
DA:368,0
DA:369,0
DA:370,0
DA:371,0
DA:380,0
DA:381,0
DA:383,0
DA:394,0
DA:397,0
DA:398,0
DA:399,0
DA:403,0
DA:405,0
DA:406,0
DA:411,0
DA:412,0
DA:413,0
DA:414,0
DA:415,0
DA:416,0
DA:417,0
DA:419,0
DA:420,0
DA:426,0
DA:427,0
DA:428,0
DA:430,0
DA:434,0
DA:436,0
DA:439,0
DA:440,0
DA:441,0
DA:446,0
DA:448,0
DA:450,0
DA:452,0
LF:169
LH:1
end_of_record
SF:lib/features/calendar/presentation/widgets/day_events_bottom_sheet.dart
DA:18,0
DA:25,0
DA:50,0
DA:51,0
DA:52,0
DA:55,0
DA:57,0
DA:59,0
DA:61,0
DA:63,0
DA:65,0
DA:71,0
DA:72,0
DA:73,0
DA:74,0
DA:76,0
DA:77,0
DA:78,0
DA:79,0
DA:81,0
DA:84,0
DA:85,0
DA:86,0
DA:87,0
DA:90,0
DA:106,0
DA:107,0
DA:111,0
DA:113,0
DA:114,0
DA:119,0
DA:120,0
DA:121,0
DA:124,0
DA:125,0
DA:127,0
DA:129,0
DA:130,0
DA:134,0
DA:135,0
DA:136,0
DA:141,0
DA:145,0
DA:146,0
DA:147,0
DA:155,0
DA:156,0
DA:158,0
DA:159,0
DA:164,0
DA:167,0
DA:175,0
DA:176,0
DA:180,0
DA:181,0
DA:196,0
DA:200,0
DA:201,0
DA:202,0
DA:203,0
DA:204,0
DA:205,0
DA:206,0
DA:207,0
DA:208,0
DA:211,0
DA:212,0
DA:220,0
DA:221,0
DA:223,0
DA:224,0
DA:225,0
DA:226,0
DA:227,0
DA:228,0
DA:229,0
DA:230,0
DA:239,0
DA:242,0
DA:248,0
DA:249,0
DA:254,0
DA:255,0
DA:262,0
DA:264,0
DA:269,0
DA:270,0
DA:271,0
DA:274,0
DA:277,0
DA:282,0
DA:284,0
DA:286,0
DA:288,0
LF:94
LH:0
end_of_record
SF:lib/shared/components/cards/event_small_card.dart
DA:26,0
DA:37,0
DA:38,0
DA:39,0
DA:41,0
DA:43,0
DA:45,0
DA:47,0
DA:52,0
DA:53,0
DA:59,0
DA:60,0
DA:67,0
DA:68,0
DA:71,0
DA:74,0
DA:75,0
DA:76,0
DA:78,0
DA:80,0
DA:82,0
DA:84,0
DA:89,0
DA:91,0
DA:92,0
DA:93,0
DA:98,0
DA:100,0
DA:101,0
DA:104,0
DA:106,0
DA:108,0
DA:109,0
DA:110,0
DA:112,0
DA:113,0
DA:114,0
DA:115,0
DA:124,0
DA:129,0
DA:130,0
DA:131,0
DA:132,0
DA:133,0
DA:137,0
DA:138,0
DA:139,0
DA:140,0
DA:149,0
DA:150,0
DA:151,0
DA:152,0
DA:153,0
DA:154,0
DA:155,0
LF:55
LH:0
end_of_record
SF:lib/shared/components/cards/memory_small_card.dart
DA:19,0
DA:28,0
DA:30,0
DA:31,0
DA:32,0
DA:37,0
DA:39,0
DA:41,0
DA:42,0
DA:44,0
DA:47,0
DA:49,0
DA:51,0
DA:52,0
DA:53,0
DA:56,0
DA:57,0
DA:58,0
DA:60,0
DA:62,0
DA:67,0
DA:68,0
DA:71,0
DA:72,0
DA:73,0
DA:74,0
DA:81,0
DA:82,0
DA:83,0
DA:100,0
DA:101,0
LF:31
LH:0
end_of_record
SF:lib/features/create_event/presentation/pages/edit_event_page.dart
DA:30,0
DA:32,0
DA:33,0
DA:66,0
DA:68,0
DA:69,0
DA:73,0
DA:74,0
DA:76,0
DA:77,0
DA:79,0
DA:80,0
DA:81,0
DA:82,0
DA:83,0
DA:85,0
DA:88,0
DA:89,0
DA:90,0
DA:91,0
DA:92,0
DA:94,0
DA:97,0
DA:98,0
DA:99,0
DA:100,0
DA:101,0
DA:102,0
DA:103,0
DA:107,0
DA:110,0
DA:114,0
DA:115,0
DA:116,0
DA:117,0
DA:118,0
DA:119,0
DA:120,0
DA:121,0
DA:122,0
DA:126,0
DA:127,0
DA:128,0
DA:129,0
DA:130,0
DA:131,0
DA:132,0
DA:133,0
DA:134,0
DA:152,0
DA:155,0
DA:156,0
DA:159,0
DA:160,0
DA:161,0
DA:167,0
DA:168,0
DA:169,0
DA:170,0
DA:175,0
DA:183,0
DA:185,0
DA:188,0
DA:192,0
DA:193,0
DA:194,0
DA:195,0
DA:203,0
DA:204,0
DA:205,0
DA:210,0
DA:212,0
DA:213,0
DA:215,0
DA:216,0
DA:217,0
DA:218,0
DA:219,0
DA:220,0
DA:221,0
DA:225,0
DA:230,0
DA:231,0
DA:232,0
DA:233,0
DA:234,0
DA:235,0
DA:238,0
DA:242,0
DA:243,0
DA:246,0
DA:251,0
DA:256,0
DA:257,0
DA:258,0
DA:259,0
DA:260,0
DA:261,0
DA:262,0
DA:265,0
DA:269,0
DA:277,0
DA:279,0
DA:280,0
DA:281,0
DA:288,0
DA:289,0
DA:294,0
DA:295,0
DA:297,0
DA:301,0
DA:302,0
DA:308,0
DA:309,0
DA:310,0
DA:311,0
DA:312,0
DA:313,0
DA:314,0
DA:317,0
DA:318,0
DA:319,0
DA:320,0
DA:321,0
DA:322,0
DA:323,0
DA:330,0
DA:331,0
DA:332,0
DA:333,0
DA:334,0
DA:335,0
DA:336,0
DA:337,0
DA:342,0
DA:343,0
DA:344,0
DA:345,0
DA:349,0
DA:354,0
DA:355,0
DA:359,0
DA:363,0
DA:364,0
DA:365,0
DA:368,0
DA:369,0
DA:370,0
DA:371,0
DA:374,0
DA:375,0
DA:379,0
DA:380,0
DA:381,0
DA:382,0
DA:383,0
DA:384,0
DA:385,0
DA:386,0
DA:387,0
DA:388,0
DA:390,0
DA:391,0
DA:397,0
DA:398,0
DA:403,0
DA:404,0
DA:405,0
DA:406,0
DA:413,0
DA:419,0
DA:420,0
DA:424,0
DA:427,0
DA:428,0
DA:429,0
DA:430,0
DA:433,0
DA:436,0
DA:437,0
DA:438,0
DA:444,0
DA:445,0
DA:447,0
DA:452,0
DA:453,0
DA:454,0
DA:455,0
DA:459,0
DA:460,0
DA:466,0
DA:467,0
DA:468,0
DA:470,0
DA:475,0
DA:476,0
DA:478,0
DA:479,0
DA:480,0
DA:489,0
DA:490,0
DA:493,0
DA:494,0
DA:500,0
DA:503,0
DA:504,0
DA:505,0
DA:507,0
DA:512,0
DA:513,0
DA:516,0
DA:517,0
DA:518,0
DA:519,0
DA:520,0
DA:523,0
DA:525,0
DA:527,0
DA:528,0
DA:529,0
DA:540,0
DA:541,0
DA:542,0
DA:554,0
DA:555,0
DA:557,0
DA:558,0
DA:559,0
DA:560,0
DA:563,0
DA:565,0
DA:569,0
DA:570,0
DA:571,0
DA:572,0
DA:573,0
DA:574,0
DA:578,0
DA:579,0
DA:580,0
DA:581,0
DA:585,0
DA:586,0
DA:587,0
DA:590,0
DA:596,0
DA:597,0
DA:598,0
DA:599,0
DA:600,0
DA:601,0
DA:602,0
DA:603,0
DA:606,0
DA:607,0
DA:608,0
DA:611,0
DA:612,0
DA:613,0
DA:616,0
DA:617,0
DA:618,0
DA:621,0
DA:627,0
DA:628,0
DA:629,0
DA:630,0
DA:631,0
DA:634,0
DA:640,0
DA:641,0
DA:642,0
DA:643,0
DA:644,0
DA:656,0
DA:663,0
DA:665,0
DA:666,0
DA:667,0
DA:669,0
DA:673,0
DA:674,0
DA:686,0
DA:688,0
DA:689,0
LF:285
LH:0
end_of_record
SF:lib/shared/components/dialogs/confirmation_dialog.dart
DA:17,0
DA:28,0
DA:30,0
DA:32,0
DA:33,0
DA:36,0
DA:38,0
DA:40,0
DA:41,0
DA:42,0
DA:49,0
DA:50,0
DA:51,0
DA:58,0
DA:59,0
DA:61,0
DA:63,0
DA:64,0
DA:65,0
DA:66,0
DA:67,0
DA:69,0
DA:73,0
DA:74,0
DA:77,0
DA:78,0
DA:79,0
DA:89,0
DA:90,0
DA:91,0
DA:92,0
DA:93,0
DA:94,0
DA:96,0
DA:97,0
DA:102,0
DA:103,0
DA:106,0
DA:107,0
DA:108,0
LF:40
LH:0
end_of_record
SF:lib/features/event/presentation/pages/event_living_page.dart
DA:28,0
DA:30,0
DA:31,0
DA:38,0
DA:40,0
DA:41,0
DA:43,0
DA:46,0
DA:48,0
DA:49,0
DA:50,0
DA:53,0
DA:56,0
DA:57,0
DA:58,0
DA:59,0
DA:64,0
DA:65,0
DA:66,0
DA:67,0
DA:71,0
DA:72,0
DA:73,0
DA:76,0
DA:77,0
DA:78,0
DA:81,0
DA:82,0
DA:83,0
DA:84,0
DA:87,0
DA:93,0
DA:94,0
DA:95,0
DA:97,0
DA:98,0
DA:100,0
DA:101,0
DA:104,0
DA:105,0
DA:108,0
DA:109,0
DA:110,0
DA:111,0
DA:112,0
DA:118,0
DA:120,0
DA:121,0
DA:123,0
DA:125,0
DA:126,0
DA:127,0
DA:129,0
DA:132,0
DA:133,0
DA:134,0
DA:137,0
DA:138,0
DA:143,0
DA:144,0
DA:146,0
DA:147,0
DA:148,0
DA:149,0
DA:150,0
DA:151,0
DA:156,0
DA:157,0
DA:158,0
DA:159,0
DA:160,0
DA:163,0
DA:164,0
DA:165,0
DA:167,0
DA:168,0
DA:169,0
DA:174,0
DA:175,0
DA:176,0
DA:177,0
DA:181,0
DA:182,0
DA:183,0
DA:187,0
DA:190,0
DA:191,0
DA:192,0
DA:194,0
DA:195,0
DA:196,0
DA:201,0
DA:202,0
DA:203,0
DA:204,0
DA:206,0
DA:209,0
DA:210,0
DA:211,0
DA:215,0
DA:220,0
DA:221,0
DA:222,0
DA:223,0
DA:226,0
DA:227,0
DA:228,0
DA:231,0
DA:232,0
DA:233,0
DA:235,0
DA:236,0
DA:237,0
DA:240,0
DA:241,0
DA:242,0
DA:243,0
DA:246,0
DA:249,0
DA:250,0
DA:251,0
DA:256,0
DA:257,0
DA:259,0
DA:262,0
DA:263,0
DA:265,0
DA:266,0
DA:267,0
DA:271,0
DA:272,0
DA:273,0
DA:276,0
DA:278,0
DA:279,0
DA:283,0
DA:284,0
DA:289,0
DA:290,0
DA:291,0
DA:294,0
DA:298,0
DA:301,0
DA:302,0
DA:303,0
DA:304,0
DA:305,0
DA:307,0
DA:308,0
DA:311,0
DA:312,0
DA:313,0
DA:317,0
DA:322,0
DA:323,0
DA:324,0
DA:329,0
DA:330,0
DA:331,0
DA:332,0
DA:333,0
DA:334,0
DA:340,0
DA:341,0
DA:342,0
LF:165
LH:0
end_of_record
SF:lib/shared/components/common/invite_bottom_sheet.dart
DA:24,0
DA:34,0
DA:42,0
DA:48,0
DA:58,0
DA:59,0
DA:65,0
DA:67,0
DA:75,0
DA:77,0
DA:81,0
DA:87,0
DA:89,0
DA:91,0
DA:99,0
DA:101,0
DA:103,0
DA:105,0
DA:107,0
DA:108,0
DA:109,0
DA:112,0
DA:113,0
DA:115,0
DA:118,0
DA:119,0
DA:129,0
DA:131,0
DA:133,0
DA:134,0
DA:136,0
DA:138,0
DA:140,0
DA:141,0
DA:142,0
DA:143,0
DA:151,0
DA:153,0
DA:154,0
DA:155,0
DA:156,0
DA:160,0
DA:161,0
DA:162,0
DA:164,0
DA:168,0
DA:169,0
DA:170,0
DA:171,0
DA:177,0
DA:178,0
DA:182,0
DA:184,0
DA:188,0
DA:189,0
DA:190,0
DA:192,0
DA:194,0
DA:196,0
DA:197,0
DA:198,0
DA:199,0
DA:200,0
DA:201,0
DA:202,0
DA:203,0
DA:206,0
DA:207,0
DA:212,0
DA:213,0
DA:224,0
DA:225,0
DA:241,0
DA:248,0
DA:250,0
DA:251,0
DA:252,0
DA:253,0
DA:256,0
DA:257,0
DA:258,0
DA:260,0
DA:262,0
DA:263,0
DA:264,0
DA:266,0
DA:269,0
DA:270,0
DA:271,0
DA:272,0
DA:273,0
DA:289,0
DA:291,0
DA:293,0
DA:295,0
DA:296,0
DA:298,0
DA:301,0
DA:303,0
DA:305,0
DA:306,0
DA:307,0
DA:309,0
DA:311,0
DA:313,0
DA:314,0
DA:321,0
DA:323,0
DA:345,0
DA:353,0
DA:355,0
DA:357,0
DA:360,0
DA:362,0
DA:363,0
DA:368,0
DA:369,0
DA:373,0
DA:374,0
DA:381,0
DA:382,0
DA:383,0
DA:394,0
DA:396,0
DA:404,0
DA:406,0
DA:407,0
DA:408,0
DA:409,0
DA:416,0
DA:418,0
DA:443,0
DA:450,0
DA:452,0
DA:453,0
DA:454,0
DA:455,0
DA:456,0
DA:457,0
DA:458,0
DA:463,0
DA:465,0
DA:466,0
DA:468,0
DA:469,0
DA:470,0
LF:146
LH:0
end_of_record
SF:lib/shared/components/sections/event_header.dart
DA:16,1
DA:26,1
DA:28,1
DA:30,1
DA:32,1
DA:33,1
DA:40,1
DA:41,1
DA:43,1
DA:48,2
DA:49,2
DA:53,2
DA:55,1
DA:57,3
DA:58,1
DA:65,1
DA:66,1
DA:81,1
DA:82,3
DA:84,7
DA:88,0
DA:91,1
DA:92,3
DA:94,7
DA:97,3
DA:98,3
DA:99,3
DA:101,0
DA:104,1
DA:115,1
DA:121,1
DA:123,1
DA:124,0
DA:127,1
DA:128,2
DA:129,1
DA:131,1
DA:132,2
DA:134,1
DA:135,1
DA:136,1
DA:137,2
DA:139,1
LF:43
LH:40
end_of_record
SF:lib/shared/components/inputs/photo_selector.dart
DA:21,0
DA:32,0
DA:33,0
DA:35,0
DA:36,0
DA:38,0
DA:39,0
DA:40,0
DA:42,0
DA:43,0
DA:50,0
DA:52,0
DA:54,0
DA:56,0
DA:57,0
DA:58,0
DA:59,0
DA:60,0
DA:61,0
DA:62,0
DA:64,0
DA:66,0
DA:68,0
DA:70,0
DA:71,0
DA:73,0
DA:78,0
DA:79,0
DA:83,0
DA:85,0
DA:86,0
DA:106,0
DA:107,0
DA:108,0
DA:109,0
DA:110,0
DA:118,0
DA:120,0
DA:122,0
DA:125,0
DA:131,0
DA:132,0
DA:134,0
DA:144,3
DA:146,0
DA:164,0
DA:171,0
DA:177,0
DA:181,0
DA:192,0
DA:193,0
DA:196,0
DA:197,0
DA:198,0
DA:206,0
DA:208,0
DA:210,0
DA:213,0
DA:214,0
DA:215,0
DA:216,0
DA:223,0
DA:226,0
DA:232,0
DA:235,0
DA:239,0
DA:241,0
DA:244,0
DA:249,0
DA:263,0
DA:270,0
DA:272,0
DA:273,0
DA:274,0
DA:276,0
DA:278,0
DA:280,0
DA:281,0
DA:282,0
DA:283,0
DA:284,0
DA:288,0
DA:289,0
DA:290,0
DA:291,0
LF:85
LH:1
end_of_record
SF:lib/shared/components/widgets/location_widget.dart
DA:16,0
DA:24,0
DA:26,0
DA:29,0
DA:31,0
DA:33,0
DA:35,0
DA:37,0
DA:39,0
DA:40,0
DA:42,0
DA:43,0
DA:44,0
DA:55,0
DA:56,0
DA:57,0
DA:58,0
DA:60,0
DA:62,0
DA:92,0
DA:93,0
DA:94,0
DA:96,0
DA:99,0
DA:100,0
DA:101,0
DA:102,0
DA:103,0
DA:106,0
DA:107,0
DA:108,0
DA:109,0
LF:32
LH:0
end_of_record
SF:lib/shared/components/widgets/event_details_widget.dart
DA:11,0
DA:16,0
DA:18,0
DA:21,0
DA:23,0
DA:25,0
DA:27,0
DA:29,0
DA:33,0
DA:34,0
DA:35,0
LF:11
LH:0
end_of_record
SF:lib/features/event_invites/presentation/providers/event_invite_providers.dart
DA:8,0
DA:9,0
DA:10,0
DA:11,0
DA:12,0
LF:5
LH:0
end_of_record
SF:lib/features/event/presentation/widgets/living_time_left_pill.dart
DA:11,0
DA:16,0
DA:17,0
DA:18,0
DA:19,0
DA:20,0
DA:21,0
DA:23,0
DA:24,0
DA:25,0
DA:31,0
DA:33,0
DA:34,0
DA:36,0
DA:41,0
DA:43,0
DA:45,0
DA:47,0
DA:54,0
DA:55,0
DA:56,0
LF:21
LH:0
end_of_record
SF:lib/features/event/presentation/widgets/living_action_row.dart
DA:13,0
DA:20,0
DA:22,0
DA:23,0
DA:24,0
DA:25,0
DA:28,0
DA:35,0
DA:36,0
DA:39,0
DA:46,0
DA:47,0
DA:50,0
DA:70,0
DA:79,0
DA:81,0
DA:82,0
DA:83,0
DA:84,0
DA:88,0
DA:89,0
DA:90,0
DA:92,0
DA:94,0
DA:95,0
DA:96,0
DA:98,0
DA:101,0
DA:102,0
DA:103,0
DA:104,0
LF:31
LH:0
end_of_record
SF:lib/features/event/presentation/widgets/living_photos_widget.dart
DA:18,0
DA:28,0
DA:30,0
DA:32,0
DA:33,0
DA:34,0
DA:35,0
DA:39,0
DA:40,0
DA:42,0
DA:43,0
DA:44,0
DA:47,0
DA:49,0
DA:51,0
DA:53,0
DA:55,0
DA:59,0
DA:60,0
DA:62,0
DA:69,0
DA:70,0
DA:72,0
DA:73,0
DA:75,0
DA:76,0
DA:77,0
DA:79,0
DA:80,0
DA:81,0
DA:89,0
DA:90,0
DA:99,0
DA:100,0
DA:101,0
DA:102,0
DA:108,0
DA:110,0
DA:112,0
DA:113,0
DA:120,0
DA:122,0
DA:127,0
DA:129,0
DA:140,0
DA:141,0
DA:142,0
DA:157,0
DA:159,0
DA:161,0
DA:163,0
DA:164,0
DA:165,0
DA:168,0
DA:169,0
DA:171,0
DA:174,0
DA:175,0
DA:176,0
DA:182,0
DA:185,0
DA:186,0
DA:187,0
DA:189,0
DA:190,0
DA:192,0
DA:195,0
DA:196,0
DA:201,0
DA:207,0
DA:208,0
DA:211,0
DA:213,0
DA:215,0
DA:217,0
DA:218,0
DA:241,0
DA:243,0
DA:245,0
DA:246,0
DA:247,0
DA:248,0
DA:249,0
DA:250,0
DA:252,0
DA:254,0
DA:264,0
DA:282,0
DA:288,0
DA:290,0
DA:291,0
DA:292,0
DA:293,0
DA:294,0
DA:296,0
DA:297,0
DA:298,0
DA:300,0
DA:302,0
DA:303,0
DA:304,0
DA:305,0
DA:306,0
DA:307,0
DA:323,0
[...]
DA:8,0
DA:9,0
DA:13,0
DA:14,0
DA:15,0
DA:16,0
DA:17,0
LF:7
LH:0
end_of_record
SF:lib/features/profile/presentation/pages/profile_page.dart
DA:18,3
DA:20,0
DA:22,0
DA:24,0
DA:26,0
DA:28,0
DA:29,0
DA:30,0
DA:31,0
DA:43,0
DA:44,0
DA:45,0
DA:57,0
DA:58,0
DA:71,0
DA:72,0
DA:74,0
DA:81,0
DA:83,0
DA:85,0
DA:88,0
DA:89,0
DA:90,0
DA:96,0
DA:97,0
DA:103,0
DA:104,0
DA:106,0
DA:107,0
DA:109,0
DA:112,0
DA:113,0
DA:115,0
DA:117,0
DA:118,0
DA:119,0
DA:130,0
DA:131,0
DA:133,0
DA:134,0
LF:40
LH:1
end_of_record
SF:lib/shared/components/skeletons/profile_skeleton.dart
DA:7,3
DA:9,0
DA:11,0
DA:12,0
DA:15,0
DA:17,0
DA:20,0
DA:22,0
DA:39,3
DA:41,0
DA:43,0
DA:44,0
DA:46,0
DA:47,0
DA:49,0
DA:71,3
DA:73,0
DA:75,0
DA:77,0
DA:84,0
DA:85,0
DA:86,0
DA:87,0
DA:88,0
DA:89,0
DA:90,0
DA:91,0
LF:27
LH:3
end_of_record
SF:lib/shared/components/cards/memory_card.dart
DA:16,0
DA:26,0
DA:28,0
DA:29,0
DA:30,0
DA:32,0
DA:33,0
DA:34,0
DA:35,0
DA:36,0
DA:37,0
DA:42,0
DA:43,0
DA:45,0
DA:48,0
DA:49,0
DA:50,0
DA:51,0
DA:52,0
DA:53,0
DA:57,0
DA:58,0
DA:59,0
DA:62,0
DA:63,0
DA:66,0
DA:67,0
DA:68,0
DA:78,0
DA:81,0
DA:82,0
DA:85,0
DA:87,0
DA:88,0
DA:91,0
DA:92,0
DA:98,0
DA:102,0
DA:105,0
DA:107,0
DA:108,0
DA:109,0
DA:119,0
DA:120,0
DA:121,0
DA:137,0
DA:138,0
DA:141,0
DA:142,0
DA:146,0
DA:147,0
DA:150,0
DA:153,0
DA:154,0
DA:160,0
DA:161,0
DA:163,0
DA:166,0
DA:171,0
DA:172,0
DA:173,0
DA:174,0
DA:175,0
DA:176,0
DA:177,0
DA:180,0
DA:181,0
DA:182,0
DA:185,0
DA:200,0
LF:70
LH:0
end_of_record
SF:lib/shared/components/cards/confirmed_event_card.dart
DA:16,0
DA:26,0
DA:28,0
DA:29,0
DA:30,0
DA:35,0
DA:37,0
DA:38,0
DA:41,0
DA:43,0
DA:45,0
DA:46,0
DA:47,0
DA:49,0
DA:50,0
DA:51,0
DA:52,0
DA:61,0
DA:66,0
DA:68,0
DA:70,0
DA:72,0
DA:82,0
DA:83,0
DA:84,0
DA:88,0
DA:90,0
DA:91,0
DA:92,0
LF:29
LH:0
end_of_record
SF:lib/features/settings/data/fakes/fake_settings_repository.dart
DA:12,0
DA:14,0
DA:15,0
DA:18,0
DA:20,0
DA:21,0
DA:24,0
DA:26,0
DA:27,0
DA:30,0
DA:32,0
DA:33,0
DA:34,0
DA:35,0
DA:40,0
DA:42,0
DA:46,0
DA:48,0
LF:18
LH:0
end_of_record
SF:lib/features/settings/domain/entities/settings_entity.dart
DA:7,3
DA:13,0
DA:18,0
DA:19,0
DA:20,0
DA:21,0
DA:25,0
DA:27,0
LF:8
LH:1
end_of_record
SF:lib/features/settings/domain/entities/report_entity.dart
DA:10,0
DA:19,0
DA:27,0
DA:28,0
DA:29,0
DA:30,0
DA:31,0
DA:32,0
DA:33,0
DA:37,0
DA:39,0
LF:11
LH:0
end_of_record
SF:lib/features/settings/domain/entities/suggestion_entity.dart
DA:9,0
DA:17,0
DA:24,0
DA:25,0
DA:26,0
DA:27,0
DA:28,0
DA:29,0
DA:33,0
DA:35,0
LF:10
LH:0
end_of_record
SF:lib/features/settings/domain/usecases/get_settings.dart
DA:8,0
DA:10,0
DA:11,0
LF:3
LH:0
end_of_record
SF:lib/features/settings/domain/usecases/update_notifications.dart
DA:7,0
DA:9,0
DA:10,0
LF:3
LH:0
end_of_record
SF:lib/features/settings/presentation/pages/report_problem_page.dart
DA:14,3
DA:16,0
DA:17,0
DA:37,0
DA:38,0
DA:44,0
DA:45,0
DA:51,0
DA:53,0
DA:54,0
DA:57,0
DA:59,0
DA:60,0
DA:61,0
DA:64,0
DA:65,0
DA:66,0
DA:70,0
DA:71,0
DA:72,0
DA:74,0
DA:75,0
DA:76,0
DA:79,0
DA:83,0
DA:84,0
DA:86,0
DA:87,0
DA:93,0
DA:94,0
DA:95,0
DA:96,0
DA:101,0
DA:103,0
DA:104,0
DA:105,0
DA:113,0
DA:114,0
DA:115,0
DA:119,0
DA:120,0
DA:121,0
DA:126,0
DA:128,0
DA:129,0
DA:133,0
DA:134,0
DA:135,0
DA:142,0
DA:144,0
DA:146,0
DA:148,0
DA:150,0
DA:152,0
DA:153,0
DA:154,0
DA:156,0
DA:158,0
DA:160,0
DA:162,0
DA:170,0
DA:172,0
DA:173,0
DA:179,0
DA:181,0
DA:182,0
DA:188,0
DA:196,0
DA:197,0
DA:208,0
DA:213,0
DA:215,0
DA:216,0
DA:218,0
DA:225,0
DA:227,0
DA:229,0
DA:238,0
DA:239,0
DA:240,0
DA:241,0
DA:242,0
DA:247,0
DA:249,0
DA:250,0
DA:255,0
DA:256,0
DA:257,0
DA:258,0
DA:259,0
DA:260,0
DA:261,0
DA:278,0
DA:279,0
DA:280,0
DA:281,0
DA:283,0
DA:285,0
DA:286,0
DA:291,0
DA:292,0
DA:295,0
DA:298,0
DA:301,0
DA:311,0
DA:313,0
DA:314,0
DA:315,0
DA:316,0
DA:326,0
DA:327,0
DA:329,0
DA:331,0
DA:332,0
DA:333,0
DA:334,0
DA:335,0
DA:338,0
DA:339,0
DA:342,0
DA:344,0
DA:345,0
LF:122
LH:1
end_of_record
SF:lib/shared/components/common/simple_selection_sheet.dart
DA:14,0
DA:23,0
DA:29,0
DA:33,0
DA:37,0
DA:38,0
DA:44,0
DA:46,0
DA:54,0
DA:56,0
DA:58,0
DA:60,0
DA:61,0
DA:62,0
DA:71,0
DA:77,0
DA:79,0
DA:80,0
DA:81,0
DA:82,0
DA:84,0
DA:85,0
DA:86,0
DA:88,0
DA:89,0
DA:90,0
DA:91,0
DA:96,0
DA:98,0
DA:100,0
DA:101,0
DA:106,0
DA:107,0
DA:108,0
DA:109,0
DA:111,0
DA:120,0
DA:122,0
DA:130,0
DA:135,0
LF:40
LH:0
end_of_record
SF:lib/features/settings/presentation/providers/report_providers.dart
DA:8,0
DA:14,0
DA:17,0
DA:22,0
DA:25,0
DA:27,0
DA:31,0
DA:35,0
DA:38,0
DA:39,0
DA:41,0
DA:46,0
DA:47,0
DA:52,0
DA:53,0
DA:54,0
DA:55,0
LF:17
LH:0
end_of_record
SF:lib/features/settings/presentation/pages/settings_page.dart
DA:20,3
DA:22,0
DA:24,0
DA:25,0
DA:27,0
DA:29,0
DA:31,0
DA:32,0
DA:33,0
DA:45,0
DA:46,0
DA:47,0
DA:48,0
DA:53,0
DA:55,0
DA:57,0
DA:58,0
DA:59,0
DA:60,0
DA:61,0
DA:79,0
DA:81,0
DA:82,0
DA:85,0
DA:86,0
DA:87,0
DA:89,0
DA:98,0
DA:99,0
DA:103,0
DA:106,0
DA:107,0
DA:108,0
DA:109,0
DA:110,0
DA:120,0
DA:122,0
DA:133,0
DA:136,0
DA:137,0
DA:138,0
DA:144,0
DA:147,0
DA:148,0
DA:149,0
DA:161,0
DA:163,0
DA:164,0
DA:167,0
DA:168,0
DA:169,0
DA:171,0
DA:172,0
DA:175,0
DA:176,0
DA:201,0
DA:203,0
DA:204,0
DA:208,0
DA:209,0
DA:210,0
DA:214,0
DA:218,0
DA:219,0
DA:220,0
DA:231,0
DA:232,0
DA:233,0
DA:235,0
DA:239,0
DA:245,0
DA:247,0
DA:253,0
DA:254,0
DA:255,0
DA:256,0
DA:258,0
DA:261,0
DA:266,0
DA:268,0
DA:269,0
DA:273,0
DA:274,0
DA:277,0
DA:278,0
DA:284,0
DA:286,0
DA:288,0
DA:290,0
DA:292,0
DA:296,0
DA:297,0
DA:309,0
DA:310,0
DA:312,0
DA:313,0
DA:320,0
DA:323,0
DA:324,0
DA:326,0
DA:328,0
DA:330,0
DA:334,0
DA:335,0
LF:104
LH:1
end_of_record
SF:lib/features/settings/presentation/providers/settings_providers.dart
DA:18,0
DA:19,0
DA:23,0
DA:24,0
DA:28,0
DA:29,0
DA:33,0
DA:34,0
DA:35,0
DA:39,0
DA:40,0
DA:41,0
DA:47,0
DA:48,0
DA:51,0
DA:52,0
DA:54,0
DA:55,0
DA:56,0
DA:58,0
DA:62,0
DA:63,0
DA:65,0
DA:67,0
DA:68,0
DA:69,0
DA:71,0
DA:72,0
DA:81,0
DA:82,0
DA:84,0
DA:85,0
DA:91,0
DA:92,0
DA:94,0
DA:95,0
DA:101,0
DA:102,0
DA:103,0
DA:106,0
DA:110,0
DA:114,0
DA:116,0
DA:117,0
DA:118,0
DA:119,0
DA:120,0
DA:131,0
DA:135,0
DA:138,0
DA:139,0
DA:140,0
LF:52
LH:0
end_of_record
SF:lib/features/settings/presentation/widgets/settings_profile_section.dart
DA:11,0
DA:18,0
DA:20,0
DA:21,0
DA:22,0
DA:24,0
DA:26,0
DA:28,0
DA:29,0
DA:31,0
DA:35,0
DA:36,0
DA:37,0
DA:38,0
DA:39,0
DA:51,0
DA:52,0
DA:54,0
DA:55,0
DA:56,0
DA:57,0
DA:63,0
DA:65,0
LF:23
LH:0
end_of_record
SF:lib/features/settings/presentation/widgets/settings_section.dart
DA:10,0
DA:16,0
DA:18,0
DA:20,0
DA:22,0
DA:24,0
DA:25,0
DA:26,0
DA:34,0
DA:35,0
DA:37,0
DA:39,0
DA:40,0
DA:47,0
DA:48,0
DA:49,0
DA:50,0
DA:51,0
DA:52,0
LF:19
LH:0
end_of_record
SF:lib/features/settings/presentation/widgets/settings_option_item.dart
DA:21,0
DA:29,0
DA:33,0
DA:40,0
DA:44,0
DA:51,0
DA:54,0
DA:60,0
DA:63,0
DA:76,0
DA:84,0
DA:86,0
DA:88,0
DA:93,0
DA:94,0
DA:96,0
DA:97,0
DA:105,0
DA:106,0
DA:107,0
DA:108,0
DA:117,0
DA:123,0
DA:124,0
DA:125,0
DA:126,0
DA:135,0
DA:136,0
DA:137,0
DA:138,0
DA:139,0
DA:140,0
DA:143,0
DA:144,0
DA:146,0
DA:147,0
DA:148,0
DA:149,0
DA:162,0
DA:169,0
LF:40
LH:0
end_of_record
SF:lib/features/settings/presentation/pages/share_suggestion_page.dart
DA:13,3
DA:15,0
DA:17,0
DA:27,0
DA:28,0
DA:34,0
DA:36,0
DA:37,0
DA:40,0
DA:42,0
DA:43,0
DA:44,0
DA:47,0
DA:48,0
DA:49,0
DA:53,0
DA:55,0
DA:56,0
DA:57,0
DA:58,0
DA:63,0
DA:65,0
DA:66,0
DA:67,0
DA:75,0
DA:76,0
DA:80,0
DA:81,0
DA:82,0
DA:87,0
DA:89,0
DA:90,0
DA:94,0
DA:95,0
DA:96,0
DA:103,0
DA:105,0
DA:107,0
DA:109,0
DA:111,0
DA:113,0
DA:114,0
DA:115,0
DA:117,0
DA:119,0
DA:121,0
DA:123,0
DA:131,0
DA:133,0
DA:134,0
DA:140,0
DA:148,0
DA:149,0
DA:160,0
DA:165,0
DA:167,0
DA:168,0
DA:170,0
DA:177,0
DA:179,0
DA:181,0
DA:190,0
DA:191,0
DA:192,0
DA:193,0
DA:195,0
DA:197,0
DA:198,0
DA:203,0
DA:204,0
DA:207,0
DA:210,0
DA:213,0
DA:223,0
DA:225,0
DA:226,0
DA:227,0
DA:228,0
DA:238,0
DA:239,0
DA:241,0
DA:243,0
DA:244,0
DA:245,0
DA:246,0
DA:247,0
DA:250,0
DA:251,0
DA:254,0
DA:256,0
DA:257,0
LF:91
LH:1
end_of_record
SF:lib/features/settings/presentation/providers/suggestion_providers.dart
DA:8,0
DA:9,0
DA:15,0
DA:18,0
DA:22,0
DA:25,0
DA:27,0
DA:31,0
DA:34,0
DA:37,0
DA:38,0
DA:40,0
DA:45,0
DA:46,0
DA:51,0
DA:52,0
DA:53,0
DA:54,0
LF:18
LH:0
end_of_record
SF:lib/shared/components/inputs/toggle_switch.dart
DA:11,0
DA:18,0
DA:20,0
DA:21,0
DA:22,0
DA:26,0
DA:27,0
DA:28,0
DA:30,0
DA:31,0
DA:34,0
DA:36,0
DA:37,0
LF:13
LH:0
end_of_record
SF:lib/shared/layouts/main_layout.dart
DA:24,3
DA:26,0
DA:27,0
DA:35,0
DA:37,0
DA:40,0
DA:42,0
DA:43,0
DA:44,0
DA:46,0
DA:47,0
DA:48,0
DA:49,0
DA:54,0
DA:55,0
DA:67,0
DA:68,0
DA:70,0
DA:72,0
DA:74,0
DA:75,0
DA:78,0
DA:79,0
DA:81,0
DA:83,0
DA:84,0
DA:85,0
DA:86,0
DA:93,0
DA:95,0
DA:96,0
DA:97,0
DA:100,0
DA:101,0
DA:102,0
DA:103,0
DA:105,0
DA:107,0
DA:109,0
DA:116,0
DA:117,0
DA:119,0
DA:120,0
DA:123,0
DA:124,0
DA:126,0
DA:128,0
DA:129,0
DA:130,0
DA:131,0
DA:138,0
DA:140,0
DA:141,0
DA:142,0
DA:145,0
DA:146,0
DA:147,0
DA:148,0
DA:150,0
DA:152,0
DA:153,0
DA:160,0
DA:163,0
DA:173,0
DA:176,0
DA:179,0
DA:182,0
DA:190,0
DA:192,0
DA:196,0
DA:197,0
DA:205,0
DA:209,0
DA:210,0
DA:211,0
DA:214,0
DA:215,0
DA:216,0
DA:217,0
DA:218,0
DA:225,0
DA:228,0
DA:229,0
DA:233,0
DA:238,0
DA:239,0
DA:242,0
DA:243,0
DA:244,0
DA:245,0
DA:246,0
DA:251,0
DA:252,0
DA:255,0
DA:256,0
DA:258,0
DA:264,0
DA:265,0
DA:266,0
DA:267,0
DA:268,0
DA:269,0
DA:275,0
DA:276,0
DA:277,0
DA:278,0
DA:285,0
DA:287,0
DA:288,0
DA:291,0
DA:293,0
DA:294,0
DA:297,0
DA:298,0
DA:299,0
DA:300,0
DA:301,0
DA:304,0
DA:305,0
DA:307,0
DA:308,0
DA:310,0
DA:314,0
DA:315,0
DA:316,0
DA:317,0
DA:318,0
DA:319,0
DA:325,0
DA:326,0
DA:332,0
DA:336,0
DA:337,0
DA:338,0
DA:340,0
DA:343,0
DA:344,0
DA:347,0
DA:348,0
DA:350,0
DA:360,0
DA:365,0
DA:366,0
DA:372,0
DA:374,0
DA:376,0
DA:377,0
DA:378,0
DA:384,0
DA:385,0
DA:386,0
DA:388,0
DA:390,0
DA:396,0
DA:397,0
DA:398,0
DA:399,0
DA:405,0
DA:406,0
DA:408,0
DA:409,0
DA:419,0
DA:422,0
DA:423,0
DA:424,0
DA:425,0
DA:426,0
DA:427,0
DA:428,0
DA:429,0
DA:431,0
DA:440,0
DA:441,0
DA:442,0
DA:443,0
DA:451,0
DA:452,0
DA:455,0
DA:458,0
DA:461,0
DA:469,0
DA:472,0
DA:473,0
DA:474,0
DA:475,0
DA:481,0
DA:483,0
DA:490,0
DA:491,0
DA:492,0
DA:495,0
LF:191
LH:1
end_of_record
SF:lib/services/event_status_service.dart
DA:23,0
DA:26,0
DA:27,0
DA:43,0
DA:46,0
DA:48,0
DA:51,0
DA:52,0
DA:53,0
DA:54,0
DA:55,0
DA:56,0
DA:58,0
DA:59,0
DA:60,0
DA:61,0
DA:62,0
DA:63,0
DA:64,0
DA:69,0
DA:70,0
DA:71,0
DA:72,0
DA:73,0
DA:75,0
DA:76,0
DA:77,0
DA:78,0
DA:79,0
DA:80,0
DA:81,0
DA:86,0
DA:87,0
DA:88,0
DA:89,0
DA:90,0
DA:92,0
DA:93,0
DA:94,0
DA:95,0
DA:96,0
DA:97,0
DA:98,0
DA:103,0
DA:105,0
DA:106,0
DA:107,0
DA:108,0
DA:109,0
DA:111,0
DA:112,0
DA:113,0
DA:114,0
DA:115,0
DA:116,0
DA:117,0
DA:118,0
DA:127,0
DA:133,0
DA:135,0
DA:136,0
DA:137,0
DA:138,0
DA:139,0
DA:141,0
DA:142,0
DA:143,0
DA:144,0
DA:145,0
DA:150,0
DA:151,0
DA:156,0
DA:158,0
DA:160,0
DA:166,0
DA:167,0
DA:168,0
DA:169,0
DA:170,0
DA:181,0
DA:184,0
DA:185,0
DA:187,0
DA:188,0
DA:189,0
DA:190,0
DA:191,0
DA:193,0
DA:194,0
DA:195,0
DA:196,0
DA:197,0
DA:199,0
DA:200,0
DA:201,0
DA:202,0
DA:203,0
DA:205,0
DA:207,0
DA:208,0
DA:209,0
DA:212,0
DA:213,0
DA:214,0
DA:215,0
LF:105
LH:0
end_of_record
SF:lib/services/realtime_service.dart
DA:20,3
DA:23,3
DA:26,3
DA:28,1
DA:31,0
DA:32,0
DA:33,0
DA:34,0
DA:37,0
DA:38,0
DA:39,0
DA:40,0
DA:44,0
DA:45,0
DA:47,0
DA:48,0
DA:49,0
DA:53,0
DA:56,0
DA:57,0
DA:58,0
DA:59,0
DA:63,0
DA:64,0
DA:66,0
DA:67,0
DA:68,0
DA:72,0
DA:75,0
DA:76,0
DA:77,0
DA:78,0
DA:82,0
DA:83,0
DA:85,0
DA:86,0
DA:87,0
DA:91,0
DA:95,1
DA:96,1
DA:97,0
DA:99,1
DA:100,0
DA:102,1
DA:103,0
DA:105,2
DA:106,2
DA:107,2
DA:118,0
DA:126,0
DA:127,0
DA:135,4
DA:136,3
DA:137,3
DA:143,0
DA:144,0
DA:145,0
DA:149,0
DA:150,0
DA:151,0
DA:155,0
DA:156,0
DA:157,0
LF:63
LH:14
end_of_record
SF:lib/shared/components/widgets/votes_bottom_sheet.dart
DA:10,0
DA:22,0
DA:26,0
DA:53,0
DA:65,0
DA:67,0
DA:75,0
DA:77,0
DA:78,0
DA:79,0
DA:81,0
DA:84,0
DA:85,0
DA:86,0
DA:90,0
DA:91,0
DA:92,0
DA:94,0
DA:96,0
DA:98,0
DA:103,0
DA:104,0
DA:105,0
DA:109,0
DA:110,0
DA:112,0
DA:115,0
DA:116,0
DA:117,0
DA:120,0
DA:123,0
DA:124,0
DA:128,0
DA:131,0
DA:132,0
DA:135,0
DA:137,0
DA:139,0
DA:142,0
DA:143,0
DA:146,0
DA:149,0
DA:150,0
DA:153,0
DA:157,0
DA:160,0
DA:162,0
DA:163,0
DA:165,0
DA:174,0
DA:175,0
DA:177,0
DA:181,0
DA:183,0
DA:188,0
DA:190,0
DA:191,0
DA:192,0
DA:193,0
DA:194,0
DA:195,0
DA:199,0
DA:204,0
DA:205,0
DA:206,0
DA:207,0
DA:209,0
DA:210,0
DA:212,0
DA:225,0
DA:226,0
DA:227,0
DA:228,0
DA:230,0
DA:231,0
DA:232,0
DA:233,0
DA:252,0
DA:253,0
DA:256,0
DA:261,0
DA:267,0
DA:269,0
DA:271,0
DA:273,0
DA:275,0
DA:277,0
DA:279,0
DA:280,0
DA:281,0
DA:282,0
DA:285,0
DA:287,0
DA:291,0
DA:292,0
DA:295,0
DA:297,0
DA:301,0
DA:302,0
DA:305,0
DA:307,0
DA:316,0
DA:321,0
DA:323,0
DA:324,0
DA:325,0
DA:326,0
DA:327,0
DA:328,0
DA:331,0
DA:332,0
DA:333,0
DA:334,0
DA:335,0
DA:336,0
DA:339,0
DA:340,0
DA:341,0
DA:342,0
DA:343,0
DA:344,0
DA:347,0
DA:349,0
DA:350,0
DA:352,0
DA:354,0
DA:355,0
DA:357,0
DA:359,0
DA:365,0
DA:366,0
DA:368,0
DA:370,0
DA:376,0
DA:377,0
DA:379,0
DA:381,0
DA:387,0
DA:388,0
DA:390,0
DA:392,0
DA:400,0
DA:401,0
DA:403,0
DA:405,0
DA:407,0
DA:409,0
DA:411,0
DA:412,0
DA:413,0
DA:414,0
DA:418,0
DA:419,0
DA:420,0
DA:421,0
DA:432,0
DA:434,0
DA:435,0
DA:436,0
DA:437,0
DA:441,0
DA:442,0
DA:443,0
DA:444,0
DA:445,0
DA:467,0
DA:475,0
DA:477,0
DA:479,0
DA:480,0
DA:481,0
DA:482,0
DA:483,0
DA:485,0
DA:487,0
DA:488,0
DA:489,0
DA:490,0
DA:491,0
DA:493,0
DA:494,0
DA:495,0
DA:496,0
DA:497,0
DA:498,0
DA:501,0
DA:503,0
DA:508,0
DA:509,0
DA:510,0
DA:512,0
DA:513,0
DA:514,0
DA:515,0
DA:536,0
DA:543,0
DA:544,0
DA:545,0
DA:547,0
DA:554,0
DA:555,0
DA:556,0
DA:558,0
DA:561,0
DA:563,0
DA:565,0
DA:566,0
DA:569,0
DA:570,0
DA:571,0
DA:572,0
DA:573,0
DA:577,0
DA:578,0
DA:579,0
DA:584,0
DA:585,0
DA:587,0
DA:588,0
DA:602,0
DA:608,0
DA:610,0
DA:613,0
DA:615,0
DA:617,0
DA:618,0
DA:620,0
DA:624,0
DA:627,0
DA:631,0
DA:634,0
DA:638,0
DA:640,0
DA:641,0
DA:643,0
DA:646,0
DA:647,0
DA:648,0
DA:649,0
DA:653,0
DA:654,0
DA:658,0
DA:663,0
DA:666,0
DA:667,0
DA:668,0
DA:669,0
DA:679,0
DA:680,0
DA:681,0
DA:682,0
DA:689,0
DA:690,0
DA:691,0
DA:693,0
DA:695,0
DA:696,0
DA:697,0
DA:698,0
DA:700,0
DA:701,0
DA:703,0
LF:262
LH:0
end_of_record
SF:lib/shared/components/widgets/photos_bottom_sheet.dart
DA:10,0
DA:17,0
DA:18,0
DA:20,0
DA:22,0
DA:26,0
DA:27,0
DA:28,0
DA:37,0
DA:39,0
DA:41,0
DA:45,0
DA:47,0
DA:53,0
DA:55,0
DA:57,0
DA:58,0
DA:60,0
DA:64,0
DA:66,0
DA:77,0
DA:78,0
DA:84,0
DA:86,0
DA:87,0
DA:88,0
DA:90,0
DA:96,0
DA:108,0
DA:110,0
DA:112,0
DA:115,0
DA:116,0
DA:118,0
DA:121,0
DA:125,0
DA:127,0
DA:129,0
DA:130,0
DA:132,0
DA:135,0
DA:136,0
DA:137,0
DA:138,0
DA:139,0
DA:143,0
DA:144,0
DA:147,0
DA:152,0
DA:153,0
DA:154,0
DA:155,0
DA:160,0
DA:161,0
DA:162,0
DA:171,0
DA:172,0
DA:173,0
DA:174,0
DA:176,0
LF:60
LH:0
end_of_record
SF:lib/shared/components/dialogs/add_photo_bottom_sheet.dart
DA:12,0
DA:22,0
DA:27,0
DA:31,0
DA:42,0
DA:43,0
DA:45,0
DA:48,0
DA:49,0
DA:51,0
DA:55,0
DA:56,0
DA:58,0
DA:60,0
DA:64,0
DA:78,0
DA:80,0
DA:82,0
DA:83,0
DA:84,0
DA:86,0
DA:88,0
DA:90,0
DA:91,0
DA:92,0
DA:96,0
DA:97,0
DA:102,0
DA:103,0
DA:104,0
DA:105,0
LF:31
LH:0
end_of_record
SF:lib/shared/components/nav/navigation_bar.dart
DA:14,0
DA:22,0
DA:24,0
DA:37,0
DA:39,0
DA:40,0
DA:41,0
DA:43,0
DA:44,0
DA:45,0
DA:51,0
DA:53,0
DA:55,0
DA:59,0
DA:60,0
DA:63,0
DA:66,0
DA:71,0
DA:73,0
DA:74,0
DA:76,0
DA:79,0
DA:80,0
DA:81,0
DA:82,0
DA:89,0
DA:102,0
DA:107,0
DA:108,0
DA:112,0
DA:116,0
DA:122,0
DA:123,0
DA:124,0
DA:127,0
DA:128,0
DA:131,0
DA:133,0
DA:134,0
DA:137,0
LF:40
LH:0
end_of_record
SF:lib/shared/components/nav/notification_badge.dart
DA:12,0
DA:20,0
DA:22,0
DA:23,0
DA:24,0
DA:25,0
DA:26,0
DA:27,0
DA:28,0
DA:29,0
LF:10
LH:0
end_of_record
SF:lib/shared/components/sections/section_header.dart
DA:6,0
DA:7,0
DA:8,0
DA:9,0
DA:10,0
DA:11,0
LF:6
LH:0
end_of_record
SF:lib/shared/components/skeletons/shimmer_effect.dart
DA:10,4
DA:12,1
DA:13,1
DA:20,1
DA:22,1
DA:23,2
DA:26,1
DA:29,1
DA:31,2
DA:32,1
DA:35,1
DA:37,1
DA:38,1
DA:39,1
DA:40,1
DA:42,1
DA:43,1
DA:50,6
DA:51,5
DA:52,1
DA:57,2
DA:68,3
DA:75,1
DA:77,1
DA:78,1
DA:79,1
DA:80,1
DA:82,2
LF:28
LH:28
end_of_record
SF:lib/features/auth/domain/usecases/login_user.dart
DA:8,1
DA:10,1
DA:11,2
LF:3
LH:3
end_of_record
SF:lib/features/event/data/models/rsvp_model.dart
DA:18,2
DA:29,2
DA:31,2
DA:33,2
DA:34,2
DA:36,2
DA:37,2
DA:38,2
DA:39,2
DA:40,2
DA:42,2
DA:43,4
DA:49,1
DA:50,1
DA:51,2
DA:52,2
DA:53,2
DA:54,1
DA:55,3
DA:60,1
DA:63,2
DA:64,1
DA:67,1
DA:70,1
DA:78,1
DA:79,1
DA:80,1
DA:81,1
DA:82,1
DA:83,1
DA:84,1
DA:86,1
DA:91,0
DA:94,0
DA:95,0
DA:98,0
DA:101,0
DA:104,0
DA:109,0
DA:110,0
DA:111,0
DA:112,0
DA:113,0
DA:114,0
DA:116,0
LF:45
LH:32
end_of_record
SF:lib/features/event/data/models/chat_message_model.dart
DA:24,1
DA:40,1
DA:42,1
DA:45,1
DA:46,1
DA:49,2
DA:53,2
DA:55,1
DA:56,1
DA:57,1
DA:58,1
DA:61,1
DA:62,2
DA:64,1
DA:65,1
DA:66,1
DA:71,1
DA:72,1
DA:73,2
DA:74,2
DA:75,2
DA:76,2
DA:77,3
DA:78,2
DA:79,2
DA:80,2
DA:81,1
DA:86,1
DA:87,1
DA:88,1
DA:89,1
DA:90,1
DA:91,1
DA:92,1
DA:93,1
DA:94,1
DA:95,1
DA:96,1
DA:97,1
DA:103,0
DA:104,0
DA:105,0
DA:106,0
DA:107,0
DA:108,0
DA:109,0
DA:110,0
DA:111,0
DA:112,0
DA:113,0
DA:114,0
DA:115,0
LF:52
LH:39
end_of_record
SF:lib/features/event/domain/entities/chat_message.dart
DA:26,6
DA:42,2
DA:57,2
DA:58,2
DA:59,2
DA:60,2
DA:61,2
DA:62,2
DA:63,2
DA:64,2
DA:65,2
DA:66,2
DA:67,2
DA:68,2
DA:69,2
LF:15
LH:15
end_of_record
SF:lib/features/event/data/fakes/fake_chat_repository.dart
DA:14,0
DA:17,0
DA:20,0
DA:23,0
DA:32,1
DA:36,6
DA:37,5
DA:38,4
DA:39,2
DA:42,1
DA:43,1
DA:46,1
DA:48,1
DA:55,2
DA:60,1
DA:67,2
DA:72,3
DA:75,1
DA:82,2
DA:86,1
DA:93,2
DA:96,1
DA:103,2
DA:106,1
DA:113,2
DA:117,1
DA:124,2
DA:128,1
DA:135,2
DA:138,1
DA:145,2
DA:149,1
DA:156,2
DA:159,1
DA:166,2
DA:169,1
DA:176,2
DA:180,1
DA:187,2
DA:189,1
DA:196,2
DA:200,1
DA:207,2
DA:213,0
DA:217,0
DA:218,0
DA:221,0
DA:223,0
DA:227,0
DA:228,0
DA:229,0
DA:231,0
DA:235,1
DA:242,1
DA:244,1
DA:245,4
DA:250,1
DA:255,2
DA:257,6
DA:258,5
DA:259,2
DA:263,1
DA:266,1
DA:268,5
DA:269,2
DA:270,0
DA:275,4
DA:276,7
DA:277,5
DA:282,3
DA:283,2
DA:285,6
DA:286,5
DA:287,2
DA:291,1
DA:293,1
DA:295,5
DA:296,2
DA:297,0
DA:300,3
DA:304,2
DA:306,6
DA:307,5
DA:308,2
DA:312,0
DA:317,0
DA:323,0
DA:328,0
DA:331,0
DA:332,0
DA:333,0
DA:334,0
DA:335,0
DA:336,0
DA:341,0
DA:347,0
DA:350,0
DA:353,0
DA:356,0
DA:357,0
DA:358,0
LF:101
LH:69
end_of_record
SF:lib/features/event/domain/usecases/get_unread_message_count.dart
DA:10,1
DA:15,1
DA:20,2
LF:3
LH:3
end_of_record
SF:lib/features/event/data/data_sources/rsvp_remote_data_source.dart
DA:18,0
DA:20,0
DA:23,0
DA:29,0
DA:30,0
DA:33,0
DA:40,0
DA:45,0
DA:51,0
DA:52,0
DA:55,0
DA:57,0
DA:67,1
DA:68,0
DA:71,1
DA:72,1
DA:77,1
DA:78,1
DA:85,1
DA:88,2
DA:97,1
DA:98,3
DA:99,1
DA:100,1
DA:101,1
DA:102,2
DA:110,1
DA:112,2
DA:115,2
DA:116,1
DA:120,4
DA:123,0
DA:124,0
DA:126,0
DA:131,0
DA:134,0
DA:140,0
DA:145,0
DA:147,0
DA:148,0
DA:149,0
DA:151,0
DA:157,1
DA:163,2
DA:167,2
DA:171,1
DA:173,1
DA:174,1
DA:175,0
DA:177,2
DA:182,0
DA:187,0
DA:188,0
DA:189,0
DA:196,0
DA:197,0
DA:198,0
DA:201,0
DA:202,0
DA:203,0
DA:204,0
DA:206,0
DA:212,0
DA:218,0
DA:219,0
DA:220,0
DA:221,0
DA:222,0
DA:223,0
DA:227,0
DA:228,0
DA:229,0
DA:230,0
DA:231,0
DA:232,0
DA:233,0
DA:235,0
LF:77
LH:25
end_of_record
SF:lib/features/event/domain/usecases/send_chat_message.dart
DA:9,1
DA:11,1
DA:17,2
LF:3
LH:3
end_of_record
SF:lib/features/event/domain/usecases/pin_message.dart
DA:8,1
DA:10,1
DA:11,2
LF:3
LH:3
end_of_record
SF:lib/features/event/domain/usecases/delete_message.dart
DA:8,1
DA:10,1
DA:11,2
LF:3
LH:3
end_of_record
SF:lib/features/event/domain/usecases/get_chat_messages.dart
DA:11,1
DA:13,1
DA:14,1
LF:3
LH:3
end_of_record
SF:lib/features/event/domain/usecases/update_last_read_message.dart
DA:11,1
DA:16,1
DA:22,2
LF:3
LH:3
end_of_record
SF:lib/features/event/domain/usecases/get_recent_messages.dart
DA:10,1
DA:12,1
DA:13,1
LF:3
LH:3
end_of_record
SF:lib/features/event/presentation/providers/event_participants_provider.dart
DA:6,2
DA:7,2
DA:8,3
DA:11,3
DA:14,1
DA:18,1
DA:19,2
DA:29,1
DA:30,1
DA:31,1
DA:34,1
DA:35,1
DA:37,3
DA:38,2
DA:40,2
DA:44,1
DA:45,1
LF:17
LH:17
end_of_record
